<?xml version="1.0" encoding="UTF-8"?>
<testsuite xmlns:xsi="http://www.w3.org/2001/XMLSchema-instance" xsi:noNamespaceSchemaLocation="https://maven.apache.org/surefire/maven-surefire-plugin/xsd/surefire-test-report.xsd" version="3.0.2" name="org.acme.EcommerceIntegrationTest" time="2.354" tests="4" errors="2" skipped="0" failures="1">
  <properties>
    <property name="java.specification.version" value="23"/>
    <property name="test.url" value="http://localhost:8081"/>
    <property name="sun.jnu.encoding" value="UTF-8"/>
    <property name="io.quarkus.security.http.test-if-basic-auth-implicitly-required" value="true"/>
    <property name="java.class.path" value="/Users/rakib/Projects/code-with-quarkus/target/test-classes:/Users/rakib/Projects/code-with-quarkus/target/classes:/Users/rakib/.m2/repository/io/quarkus/quarkus-rest/3.24.1/quarkus-rest-3.24.1.jar:/Users/rakib/.m2/repository/io/quarkus/quarkus-rest-common/3.24.1/quarkus-rest-common-3.24.1.jar:/Users/rakib/.m2/repository/io/quarkus/resteasy/reactive/resteasy-reactive-common/3.24.1/resteasy-reactive-common-3.24.1.jar:/Users/rakib/.m2/repository/io/quarkus/resteasy/reactive/resteasy-reactive-common-types/3.24.1/resteasy-reactive-common-types-3.24.1.jar:/Users/rakib/.m2/repository/io/quarkus/resteasy/reactive/resteasy-reactive-vertx/3.24.1/resteasy-reactive-vertx-3.24.1.jar:/Users/rakib/.m2/repository/io/vertx/vertx-web/4.5.16/vertx-web-4.5.16.jar:/Users/rakib/.m2/repository/io/vertx/vertx-bridge-common/4.5.16/vertx-bridge-common-4.5.16.jar:/Users/rakib/.m2/repository/io/smallrye/reactive/smallrye-mutiny-vertx-core/3.19.1/smallrye-mutiny-vertx-core-3.19.1.jar:/Users/rakib/.m2/repository/io/smallrye/reactive/smallrye-mutiny-vertx-runtime/3.19.1/smallrye-mutiny-vertx-runtime-3.19.1.jar:/Users/rakib/.m2/repository/io/smallrye/reactive/vertx-mutiny-generator/3.19.1/vertx-mutiny-generator-3.19.1.jar:/Users/rakib/.m2/repository/io/vertx/vertx-codegen/4.5.16/vertx-codegen-4.5.16.jar:/Users/rakib/.m2/repository/io/quarkus/resteasy/reactive/resteasy-reactive/3.24.1/resteasy-reactive-3.24.1.jar:/Users/rakib/.m2/repository/io/quarkus/vertx/utils/quarkus-vertx-utils/3.24.1/quarkus-vertx-utils-3.24.1.jar:/Users/rakib/.m2/repository/jakarta/annotation/jakarta.annotation-api/3.0.0/jakarta.annotation-api-3.0.0.jar:/Users/rakib/.m2/repository/org/jboss/logging/commons-logging-jboss-logging/1.0.0.Final/commons-logging-jboss-logging-1.0.0.Final.jar:/Users/rakib/.m2/repository/jakarta/xml/bind/jakarta.xml.bind-api/4.0.2/jakarta.xml.bind-api-4.0.2.jar:/Users/rakib/.m2/repository/jakarta/activation/jakarta.activation-api/2.1.3/jakarta.activation-api-2.1.3.jar:/Users/rakib/.m2/repository/org/jboss/logging/jboss-logging/3.6.1.Final/jboss-logging-3.6.1.Final.jar:/Users/rakib/.m2/repository/io/quarkus/quarkus-vertx-http/3.24.1/quarkus-vertx-http-3.24.1.jar:/Users/rakib/.m2/repository/io/quarkus/quarkus-credentials/3.24.1/quarkus-credentials-3.24.1.jar:/Users/rakib/.m2/repository/io/smallrye/common/smallrye-common-vertx-context/2.12.0/smallrye-common-vertx-context-2.12.0.jar:/Users/rakib/.m2/repository/io/smallrye/common/smallrye-common-constraint/2.12.0/smallrye-common-constraint-2.12.0.jar:/Users/rakib/.m2/repository/io/smallrye/reactive/smallrye-mutiny-vertx-web/3.19.1/smallrye-mutiny-vertx-web-3.19.1.jar:/Users/rakib/.m2/repository/io/smallrye/reactive/smallrye-mutiny-vertx-web-common/3.19.1/smallrye-mutiny-vertx-web-common-3.19.1.jar:/Users/rakib/.m2/repository/io/smallrye/reactive/smallrye-mutiny-vertx-auth-common/3.19.1/smallrye-mutiny-vertx-auth-common-3.19.1.jar:/Users/rakib/.m2/repository/io/smallrye/reactive/smallrye-mutiny-vertx-bridge-common/3.19.1/smallrye-mutiny-vertx-bridge-common-3.19.1.jar:/Users/rakib/.m2/repository/io/smallrye/reactive/smallrye-mutiny-vertx-uri-template/3.19.1/smallrye-mutiny-vertx-uri-template-3.19.1.jar:/Users/rakib/.m2/repository/io/github/crac/org-crac/0.1.3/org-crac-0.1.3.jar:/Users/rakib/.m2/repository/com/aayushatharva/brotli4j/brotli4j/1.16.0/brotli4j-1.16.0.jar:/Users/rakib/.m2/repository/com/aayushatharva/brotli4j/service/1.16.0/service-1.16.0.jar:/Users/rakib/.m2/repository/com/aayushatharva/brotli4j/native-osx-aarch64/1.16.0/native-osx-aarch64-1.16.0.jar:/Users/rakib/.m2/repository/io/quarkus/quarkus-jsonp/3.24.1/quarkus-jsonp-3.24.1.jar:/Users/rakib/.m2/repository/org/eclipse/parsson/parsson/1.1.7/parsson-1.1.7.jar:/Users/rakib/.m2/repository/io/quarkus/quarkus-virtual-threads/3.24.1/quarkus-virtual-threads-3.24.1.jar:/Users/rakib/.m2/repository/io/vertx/vertx-core/4.5.16/vertx-core-4.5.16.jar:/Users/rakib/.m2/repository/io/netty/netty-common/4.1.121.Final/netty-common-4.1.121.Final.jar:/Users/rakib/.m2/repository/io/netty/netty-buffer/4.1.121.Final/netty-buffer-4.1.121.Final.jar:/Users/rakib/.m2/repository/io/netty/netty-transport/4.1.121.Final/netty-transport-4.1.121.Final.jar:/Users/rakib/.m2/repository/io/netty/netty-handler/4.1.121.Final/netty-handler-4.1.121.Final.jar:/Users/rakib/.m2/repository/io/netty/netty-transport-native-unix-common/4.1.121.Final/netty-transport-native-unix-common-4.1.121.Final.jar:/Users/rakib/.m2/repository/io/netty/netty-handler-proxy/4.1.121.Final/netty-handler-proxy-4.1.121.Final.jar:/Users/rakib/.m2/repository/io/netty/netty-codec-socks/4.1.121.Final/netty-codec-socks-4.1.121.Final.jar:/Users/rakib/.m2/repository/io/netty/netty-codec-http/4.1.121.Final/netty-codec-http-4.1.121.Final.jar:/Users/rakib/.m2/repository/io/netty/netty-codec-http2/4.1.121.Final/netty-codec-http2-4.1.121.Final.jar:/Users/rakib/.m2/repository/io/netty/netty-resolver/4.1.121.Final/netty-resolver-4.1.121.Final.jar:/Users/rakib/.m2/repository/io/netty/netty-resolver-dns/4.1.121.Final/netty-resolver-dns-4.1.121.Final.jar:/Users/rakib/.m2/repository/io/netty/netty-codec-dns/4.1.121.Final/netty-codec-dns-4.1.121.Final.jar:/Users/rakib/.m2/repository/com/fasterxml/jackson/core/jackson-core/2.19.1/jackson-core-2.19.1.jar:/Users/rakib/.m2/repository/io/quarkus/quarkus-rest-jackson/3.24.1/quarkus-rest-jackson-3.24.1.jar:/Users/rakib/.m2/repository/io/quarkus/quarkus-rest-jackson-common/3.24.1/quarkus-rest-jackson-common-3.24.1.jar:/Users/rakib/.m2/repository/io/quarkus/resteasy/reactive/resteasy-reactive-jackson/3.24.1/resteasy-reactive-jackson-3.24.1.jar:/Users/rakib/.m2/repository/com/fasterxml/jackson/core/jackson-databind/2.19.1/jackson-databind-2.19.1.jar:/Users/rakib/.m2/repository/com/fasterxml/jackson/core/jackson-annotations/2.19.1/jackson-annotations-2.19.1.jar:/Users/rakib/.m2/repository/io/quarkus/quarkus-jackson/3.24.1/quarkus-jackson-3.24.1.jar:/Users/rakib/.m2/repository/com/fasterxml/jackson/datatype/jackson-datatype-jsr310/2.19.1/jackson-datatype-jsr310-2.19.1.jar:/Users/rakib/.m2/repository/com/fasterxml/jackson/datatype/jackson-datatype-jdk8/2.19.1/jackson-datatype-jdk8-2.19.1.jar:/Users/rakib/.m2/repository/com/fasterxml/jackson/module/jackson-module-parameter-names/2.19.1/jackson-module-parameter-names-2.19.1.jar:/Users/rakib/.m2/repository/io/quarkus/quarkus-smallrye-graphql-client/3.24.1/quarkus-smallrye-graphql-client-3.24.1.jar:/Users/rakib/.m2/repository/io/quarkus/quarkus-core/3.24.1/quarkus-core-3.24.1.jar:/Users/rakib/.m2/repository/jakarta/inject/jakarta.inject-api/2.0.1/jakarta.inject-api-2.0.1.jar:/Users/rakib/.m2/repository/io/smallrye/common/smallrye-common-os/2.12.0/smallrye-common-os-2.12.0.jar:/Users/rakib/.m2/repository/io/quarkus/quarkus-ide-launcher/3.24.1/quarkus-ide-launcher-3.24.1.jar:/Users/rakib/.m2/repository/io/quarkus/quarkus-development-mode-spi/3.24.1/quarkus-development-mode-spi-3.24.1.jar:/Users/rakib/.m2/repository/io/smallrye/config/smallrye-config/3.13.2/smallrye-config-3.13.2.jar:/Users/rakib/.m2/repository/io/smallrye/config/smallrye-config-core/3.13.2/smallrye-config-core-3.13.2.jar:/Users/rakib/.m2/repository/io/smallrye/common/smallrye-common-classloader/2.12.0/smallrye-common-classloader-2.12.0.jar:/Users/rakib/.m2/repository/io/smallrye/config/smallrye-config-common/3.13.2/smallrye-config-common-3.13.2.jar:/Users/rakib/.m2/repository/org/jboss/logmanager/jboss-logmanager/3.1.2.Final/jboss-logmanager-3.1.2.Final.jar:/Users/rakib/.m2/repository/io/smallrye/common/smallrye-common-cpu/2.12.0/smallrye-common-cpu-2.12.0.jar:/Users/rakib/.m2/repository/io/smallrye/common/smallrye-common-expression/2.12.0/smallrye-common-expression-2.12.0.jar:/Users/rakib/.m2/repository/io/smallrye/common/smallrye-common-net/2.12.0/smallrye-common-net-2.12.0.jar:/Users/rakib/.m2/repository/io/smallrye/common/smallrye-common-ref/2.12.0/smallrye-common-ref-2.12.0.jar:/Users/rakib/.m2/repository/org/jboss/threads/jboss-threads/3.9.1/jboss-threads-3.9.1.jar:/Users/rakib/.m2/repository/io/smallrye/common/smallrye-common-function/2.12.0/smallrye-common-function-2.12.0.jar:/Users/rakib/.m2/repository/org/slf4j/slf4j-api/2.0.6/slf4j-api-2.0.6.jar:/Users/rakib/.m2/repository/org/jboss/slf4j/slf4j-jboss-logmanager/2.0.0.Final/slf4j-jboss-logmanager-2.0.0.Final.jar:/Users/rakib/.m2/repository/org/wildfly/common/wildfly-common/2.0.1/wildfly-common-2.0.1.jar:/Users/rakib/.m2/repository/io/quarkus/quarkus-bootstrap-runner/3.24.1/quarkus-bootstrap-runner-3.24.1.jar:/Users/rakib/.m2/repository/io/quarkus/quarkus-fs-util/1.0.0/quarkus-fs-util-1.0.0.jar:/Users/rakib/.m2/repository/io/quarkus/quarkus-vertx/3.24.1/quarkus-vertx-3.24.1.jar:/Users/rakib/.m2/repository/io/quarkus/quarkus-netty/3.24.1/quarkus-netty-3.24.1.jar:/Users/rakib/.m2/repository/io/netty/netty-codec/4.1.121.Final/netty-codec-4.1.121.Final.jar:/Users/rakib/.m2/repository/io/netty/netty-codec-haproxy/4.1.121.Final/netty-codec-haproxy-4.1.121.Final.jar:/Users/rakib/.m2/repository/io/smallrye/common/smallrye-common-annotation/2.12.0/smallrye-common-annotation-2.12.0.jar:/Users/rakib/.m2/repository/io/quarkus/quarkus-vertx-latebound-mdc-provider/3.24.1/quarkus-vertx-latebound-mdc-provider-3.24.1.jar:/Users/rakib/.m2/repository/io/smallrye/smallrye-fault-tolerance-vertx/6.9.1/smallrye-fault-tolerance-vertx-6.9.1.jar:/Users/rakib/.m2/repository/io/quarkus/quarkus-smallrye-stork/3.24.1/quarkus-smallrye-stork-3.24.1.jar:/Users/rakib/.m2/repository/io/smallrye/stork/stork-api/2.7.3/stork-api-2.7.3.jar:/Users/rakib/.m2/repository/io/smallrye/stork/stork-core/2.7.3/stork-core-2.7.3.jar:/Users/rakib/.m2/repository/io/smallrye/smallrye-graphql-client-model/2.13.0/smallrye-graphql-client-model-2.13.0.jar:/Users/rakib/.m2/repository/io/quarkus/quarkus-tls-registry/3.24.1/quarkus-tls-registry-3.24.1.jar:/Users/rakib/.m2/repository/io/quarkus/quarkus-tls-registry-spi/3.24.1/quarkus-tls-registry-spi-3.24.1.jar:/Users/rakib/.m2/repository/io/smallrye/certs/smallrye-private-key-pem-parser/0.9.2/smallrye-private-key-pem-parser-0.9.2.jar:/Users/rakib/.m2/repository/io/smallrye/smallrye-graphql-client-implementation-vertx/2.13.0/smallrye-graphql-client-implementation-vertx-2.13.0.jar:/Users/rakib/.m2/repository/io/smallrye/smallrye-graphql-client/2.13.0/smallrye-graphql-client-2.13.0.jar:/Users/rakib/.m2/repository/io/smallrye/smallrye-graphql-api/2.13.0/smallrye-graphql-api-2.13.0.jar:/Users/rakib/.m2/repository/io/smallrye/smallrye-graphql-client-api/2.13.0/smallrye-graphql-client-api-2.13.0.jar:/Users/rakib/.m2/repository/org/eclipse/microprofile/graphql/microprofile-graphql-api/2.0/microprofile-graphql-api-2.0.jar:/Users/rakib/.m2/repository/org/eclipse/microprofile/config/microprofile-config-api/3.1/microprofile-config-api-3.1.jar:/Users/rakib/.m2/repository/jakarta/json/jakarta.json-api/2.1.3/jakarta.json-api-2.1.3.jar:/Users/rakib/.m2/repository/jakarta/json/bind/jakarta.json.bind-api/3.0.1/jakarta.json.bind-api-3.0.1.jar:/Users/rakib/.m2/repository/io/quarkiverse/quinoa/quarkus-quinoa/2.5.4/quarkus-quinoa-2.5.4.jar:/Users/rakib/.m2/repository/io/vertx/vertx-web-client/4.5.16/vertx-web-client-4.5.16.jar:/Users/rakib/.m2/repository/io/vertx/vertx-uri-template/4.5.16/vertx-uri-template-4.5.16.jar:/Users/rakib/.m2/repository/io/vertx/vertx-web-common/4.5.16/vertx-web-common-4.5.16.jar:/Users/rakib/.m2/repository/io/vertx/vertx-auth-common/4.5.16/vertx-auth-common-4.5.16.jar:/Users/rakib/.m2/repository/io/quarkus/quarkus-smallrye-graphql/3.24.1/quarkus-smallrye-graphql-3.24.1.jar:/Users/rakib/.m2/repository/io/smallrye/smallrye-graphql-cdi/2.13.0/smallrye-graphql-cdi-2.13.0.jar:/Users/rakib/.m2/repository/io/smallrye/smallrye-graphql/2.13.0/smallrye-graphql-2.13.0.jar:/Users/rakib/.m2/repository/io/smallrye/smallrye-graphql-schema-model/2.13.0/smallrye-graphql-schema-model-2.13.0.jar:/Users/rakib/.m2/repository/com/graphql-java/graphql-java/22.2/graphql-java-22.2.jar:/Users/rakib/.m2/repository/com/graphql-java/java-dataloader/3.3.0/java-dataloader-3.3.0.jar:/Users/rakib/.m2/repository/com/apollographql/federation/federation-graphql-java-support/4.4.0/federation-graphql-java-support-4.4.0.jar:/Users/rakib/.m2/repository/com/google/protobuf/protobuf-java/3.25.5/protobuf-java-3.25.5.jar:/Users/rakib/.m2/repository/com/graphql-java/graphql-java-extended-scalars/21.0/graphql-java-extended-scalars-21.0.jar:/Users/rakib/.m2/repository/io/quarkus/quarkus-smallrye-context-propagation/3.24.1/quarkus-smallrye-context-propagation-3.24.1.jar:/Users/rakib/.m2/repository/io/smallrye/smallrye-context-propagation/2.2.1/smallrye-context-propagation-2.2.1.jar:/Users/rakib/.m2/repository/io/smallrye/smallrye-context-propagation-api/2.2.1/smallrye-context-propagation-api-2.2.1.jar:/Users/rakib/.m2/repository/io/smallrye/smallrye-context-propagation-storage/2.2.1/smallrye-context-propagation-storage-2.2.1.jar:/Users/rakib/.m2/repository/org/eclipse/microprofile/metrics/microprofile-metrics-api/4.0.1/microprofile-metrics-api-4.0.1.jar:/Users/rakib/.m2/repository/io/quarkus/quarkus-arc/3.24.1/quarkus-arc-3.24.1.jar:/Users/rakib/.m2/repository/io/quarkus/arc/arc/3.24.1/arc-3.24.1.jar:/Users/rakib/.m2/repository/io/smallrye/reactive/mutiny/2.9.0/mutiny-2.9.0.jar:/Users/rakib/.m2/repository/org/jctools/jctools-core/4.0.5/jctools-core-4.0.5.jar:/Users/rakib/.m2/repository/org/eclipse/microprofile/context-propagation/microprofile-context-propagation-api/1.3/microprofile-context-propagation-api-1.3.jar:/Users/rakib/.m2/repository/io/quarkus/quarkus-hibernate-orm-panache/3.24.1/quarkus-hibernate-orm-panache-3.24.1.jar:/Users/rakib/.m2/repository/io/quarkus/quarkus-hibernate-orm/3.24.1/quarkus-hibernate-orm-3.24.1.jar:/Users/rakib/.m2/repository/org/hibernate/orm/hibernate-core/7.0.3.Final/hibernate-core-7.0.3.Final.jar:/Users/rakib/.m2/repository/org/hibernate/models/hibernate-models/1.0.0/hibernate-models-1.0.0.jar:/Users/rakib/.m2/repository/org/antlr/antlr4-runtime/4.13.0/antlr4-runtime-4.13.0.jar:/Users/rakib/.m2/repository/net/bytebuddy/byte-buddy/1.17.5/byte-buddy-1.17.5.jar:/Users/rakib/.m2/repository/org/hibernate/orm/hibernate-graalvm/7.0.3.Final/hibernate-graalvm-7.0.3.Final.jar:/Users/rakib/.m2/repository/org/glassfish/jaxb/jaxb-runtime/4.0.5/jaxb-runtime-4.0.5.jar:/Users/rakib/.m2/repository/org/glassfish/jaxb/jaxb-core/4.0.5/jaxb-core-4.0.5.jar:/Users/rakib/.m2/repository/org/eclipse/angus/angus-activation/2.0.2/angus-activation-2.0.2.jar:/Users/rakib/.m2/repository/org/glassfish/jaxb/txw2/4.0.5/txw2-4.0.5.jar:/Users/rakib/.m2/repository/com/sun/istack/istack-commons-runtime/4.1.2/istack-commons-runtime-4.1.2.jar:/Users/rakib/.m2/repository/jakarta/persistence/jakarta.persistence-api/3.2.0/jakarta.persistence-api-3.2.0.jar:/Users/rakib/.m2/repository/org/hibernate/quarkus-local-cache/0.3.1/quarkus-local-cache-0.3.1.jar:/Users/rakib/.m2/repository/io/quarkus/quarkus-caffeine/3.24.1/quarkus-caffeine-3.24.1.jar:/Users/rakib/.m2/repository/com/github/ben-manes/caffeine/caffeine/3.2.0/caffeine-3.2.0.jar:/Users/rakib/.m2/repository/org/jspecify/jspecify/1.0.0/jspecify-1.0.0.jar:/Users/rakib/.m2/repository/com/google/errorprone/error_prone_annotations/2.38.0/error_prone_annotations-2.38.0.jar:/Users/rakib/.m2/repository/io/quarkus/quarkus-hibernate-orm-panache-common/3.24.1/quarkus-hibernate-orm-panache-common-3.24.1.jar:/Users/rakib/.m2/repository/io/quarkus/quarkus-panache-hibernate-common/3.24.1/quarkus-panache-hibernate-common-3.24.1.jar:/Users/rakib/.m2/repository/io/quarkus/quarkus-panache-common/3.24.1/quarkus-panache-common-3.24.1.jar:/Users/rakib/.m2/repository/io/quarkus/quarkus-jdbc-h2/3.24.1/quarkus-jdbc-h2-3.24.1.jar:/Users/rakib/.m2/repository/com/h2database/h2/2.3.230/h2-2.3.230.jar:/Users/rakib/.m2/repository/org/locationtech/jts/jts-core/1.19.0/jts-core-1.19.0.jar:/Users/rakib/.m2/repository/io/quarkus/quarkus-jdbc-postgresql/3.24.1/quarkus-jdbc-postgresql-3.24.1.jar:/Users/rakib/.m2/repository/io/quarkus/quarkus-agroal/3.24.1/quarkus-agroal-3.24.1.jar:/Users/rakib/.m2/repository/io/quarkus/quarkus-datasource/3.24.1/quarkus-datasource-3.24.1.jar:/Users/rakib/.m2/repository/io/agroal/agroal-api/2.7.1/agroal-api-2.7.1.jar:/Users/rakib/.m2/repository/io/agroal/agroal-narayana/2.7.1/agroal-narayana-2.7.1.jar:/Users/rakib/.m2/repository/io/agroal/agroal-pool/2.7.1/agroal-pool-2.7.1.jar:/Users/rakib/.m2/repository/org/postgresql/postgresql/42.7.7/postgresql-42.7.7.jar:/Users/rakib/.m2/repository/io/quarkus/quarkus-hibernate-validator/3.24.1/quarkus-hibernate-validator-3.24.1.jar:/Users/rakib/.m2/repository/org/hibernate/validator/hibernate-validator/9.0.1.Final/hibernate-validator-9.0.1.Final.jar:/Users/rakib/.m2/repository/jakarta/validation/jakarta.validation-api/3.1.0/jakarta.validation-api-3.1.0.jar:/Users/rakib/.m2/repository/com/fasterxml/classmate/1.7.0/classmate-1.7.0.jar:/Users/rakib/.m2/repository/org/glassfish/expressly/expressly/6.0.0/expressly-6.0.0.jar:/Users/rakib/.m2/repository/jakarta/el/jakarta.el-api/6.0.1/jakarta.el-api-6.0.1.jar:/Users/rakib/.m2/repository/io/smallrye/config/smallrye-config-validator/3.13.2/smallrye-config-validator-3.13.2.jar:/Users/rakib/.m2/repository/jakarta/ws/rs/jakarta.ws.rs-api/3.1.0/jakarta.ws.rs-api-3.1.0.jar:/Users/rakib/.m2/repository/io/quarkus/quarkus-jsonb/3.24.1/quarkus-jsonb-3.24.1.jar:/Users/rakib/.m2/repository/org/eclipse/yasson/3.0.4/yasson-3.0.4.jar:/Users/rakib/.m2/repository/io/quarkus/quarkus-narayana-jta/3.24.1/quarkus-narayana-jta-3.24.1.jar:/Users/rakib/.m2/repository/io/quarkus/quarkus-transaction-annotations/3.24.1/quarkus-transaction-annotations-3.24.1.jar:/Users/rakib/.m2/repository/io/quarkus/quarkus-mutiny/3.24.1/quarkus-mutiny-3.24.1.jar:/Users/rakib/.m2/repository/io/smallrye/reactive/mutiny-smallrye-context-propagation/2.9.0/mutiny-smallrye-context-propagation-2.9.0.jar:/Users/rakib/.m2/repository/io/quarkus/quarkus-datasource-common/3.24.1/quarkus-datasource-common-3.24.1.jar:/Users/rakib/.m2/repository/io/smallrye/smallrye-context-propagation-jta/2.2.1/smallrye-context-propagation-jta-2.2.1.jar:/Users/rakib/.m2/repository/jakarta/transaction/jakarta.transaction-api/2.0.1/jakarta.transaction-api-2.0.1.jar:/Users/rakib/.m2/repository/io/smallrye/reactive/smallrye-reactive-converter-api/3.0.3/smallrye-reactive-converter-api-3.0.3.jar:/Users/rakib/.m2/repository/org/reactivestreams/reactive-streams/1.0.4/reactive-streams-1.0.4.jar:/Users/rakib/.m2/repository/io/smallrye/reactive/smallrye-reactive-converter-mutiny/3.0.3/smallrye-reactive-converter-mutiny-3.0.3.jar:/Users/rakib/.m2/repository/io/smallrye/reactive/mutiny-zero-flow-adapters/1.1.1/mutiny-zero-flow-adapters-1.1.1.jar:/Users/rakib/.m2/repository/org/jboss/narayana/jta/narayana-jta/7.2.2.Final/narayana-jta-7.2.2.Final.jar:/Users/rakib/.m2/repository/org/jboss/jboss-transaction-spi/8.0.0.Final/jboss-transaction-spi-8.0.0.Final.jar:/Users/rakib/.m2/repository/jakarta/resource/jakarta.resource-api/2.1.0/jakarta.resource-api-2.1.0.jar:/Users/rakib/.m2/repository/org/jboss/invocation/jboss-invocation/2.0.0.Final/jboss-invocation-2.0.0.Final.jar:/Users/rakib/.m2/repository/org/eclipse/microprofile/reactive-streams-operators/microprofile-reactive-streams-operators-api/3.0.1/microprofile-reactive-streams-operators-api-3.0.1.jar:/Users/rakib/.m2/repository/org/jboss/narayana/jts/narayana-jts-integration/7.2.2.Final/narayana-jts-integration-7.2.2.Final.jar:/Users/rakib/.m2/repository/io/quarkus/quarkus-security/3.24.1/quarkus-security-3.24.1.jar:/Users/rakib/.m2/repository/io/quarkus/quarkus-security-runtime-spi/3.24.1/quarkus-security-runtime-spi-3.24.1.jar:/Users/rakib/.m2/repository/jakarta/interceptor/jakarta.interceptor-api/2.2.0/jakarta.interceptor-api-2.2.0.jar:/Users/rakib/.m2/repository/io/quarkus/security/quarkus-security/2.2.1/quarkus-security-2.2.1.jar:/Users/rakib/.m2/repository/jakarta/enterprise/jakarta.enterprise.cdi-api/4.1.0/jakarta.enterprise.cdi-api-4.1.0.jar:/Users/rakib/.m2/repository/jakarta/enterprise/jakarta.enterprise.lang-model/4.1.0/jakarta.enterprise.lang-model-4.1.0.jar:/Users/rakib/.m2/repository/io/quarkus/quarkus-junit5/3.24.1/quarkus-junit5-3.24.1.jar:/Users/rakib/.m2/repository/io/quarkus/quarkus-bootstrap-core/3.24.1/quarkus-bootstrap-core-3.24.1.jar:/Users/rakib/.m2/repository/io/quarkus/quarkus-classloader-commons/3.24.1/quarkus-classloader-commons-3.24.1.jar:/Users/rakib/.m2/repository/io/quarkus/quarkus-bootstrap-app-model/3.24.1/quarkus-bootstrap-app-model-3.24.1.jar:/Users/rakib/.m2/repository/io/smallrye/common/smallrye-common-io/2.12.0/smallrye-common-io-2.12.0.jar:/Users/rakib/.m2/repository/org/eclipse/sisu/org.eclipse.sisu.inject/0.9.0.M4/org.eclipse.sisu.inject-0.9.0.M4.jar:/Users/rakib/.m2/repository/org/ow2/asm/asm/9.8/asm-9.8.jar:/Users/rakib/.m2/repository/io/quarkus/quarkus-test-common/3.24.1/quarkus-test-common-3.24.1.jar:/Users/rakib/.m2/repository/io/quarkus/quarkus-core-deployment/3.24.1/quarkus-core-deployment-3.24.1.jar:/Users/rakib/.m2/repository/org/aesh/readline/2.6/readline-2.6.jar:/Users/rakib/.m2/repository/org/fusesource/jansi/jansi/2.4.0/jansi-2.4.0.jar:/Users/rakib/.m2/repository/org/aesh/aesh/2.8.2/aesh-2.8.2.jar:/Users/rakib/.m2/repository/io/quarkus/gizmo/gizmo/1.9.0/gizmo-1.9.0.jar:/Users/rakib/.m2/repository/org/ow2/asm/asm-util/9.8/asm-util-9.8.jar:/Users/rakib/.m2/repository/org/ow2/asm/asm-analysis/9.8/asm-analysis-9.8.jar:/Users/rakib/.m2/repository/org/ow2/asm/asm-commons/9.8/asm-commons-9.8.jar:/Users/rakib/.m2/repository/org/ow2/asm/asm-tree/9.8/asm-tree-9.8.jar:/Users/rakib/.m2/repository/io/quarkus/quarkus-hibernate-validator-spi/3.24.1/quarkus-hibernate-validator-spi-3.24.1.jar:/Users/rakib/.m2/repository/io/quarkus/quarkus-class-change-agent/3.24.1/quarkus-class-change-agent-3.24.1.jar:/Users/rakib/.m2/repository/io/quarkus/quarkus-devtools-utilities/3.24.1/quarkus-devtools-utilities-3.24.1.jar:/Users/rakib/.m2/repository/io/quarkus/quarkus-builder/3.24.1/quarkus-builder-3.24.1.jar:/Users/rakib/.m2/repository/org/graalvm/sdk/nativeimage/23.1.2/nativeimage-23.1.2.jar:/Users/rakib/.m2/repository/org/graalvm/sdk/word/23.1.2/word-23.1.2.jar:/Users/rakib/.m2/repository/org/junit/platform/junit-platform-launcher/1.13.1/junit-platform-launcher-1.13.1.jar:/Users/rakib/.m2/repository/io/quarkus/quarkus-bootstrap-maven-resolver/3.24.1/quarkus-bootstrap-maven-resolver-3.24.1.jar:/Users/rakib/.m2/repository/io/smallrye/beanbag/smallrye-beanbag-maven/1.5.3/smallrye-beanbag-maven-1.5.3.jar:/Users/rakib/.m2/repository/io/smallrye/beanbag/smallrye-beanbag-sisu/1.5.3/smallrye-beanbag-sisu-1.5.3.jar:/Users/rakib/.m2/repository/io/smallrye/beanbag/smallrye-beanbag/1.5.3/smallrye-beanbag-1.5.3.jar:/Users/rakib/.m2/repository/javax/inject/javax.inject/1/javax.inject-1.jar:/Users/rakib/.m2/repository/org/apache/maven/maven-artifact/3.9.9/maven-artifact-3.9.9.jar:/Users/rakib/.m2/repository/org/apache/maven/maven-builder-support/3.9.9/maven-builder-support-3.9.9.jar:/Users/rakib/.m2/repository/org/apache/maven/maven-model/3.9.9/maven-model-3.9.9.jar:/Users/rakib/.m2/repository/org/apache/maven/maven-model-builder/3.9.9/maven-model-builder-3.9.9.jar:/Users/rakib/.m2/repository/org/apache/maven/maven-repository-metadata/3.9.9/maven-repository-metadata-3.9.9.jar:/Users/rakib/.m2/repository/org/apache/maven/maven-settings/3.9.9/maven-settings-3.9.9.jar:/Users/rakib/.m2/repository/org/apache/maven/resolver/maven-resolver-api/1.9.22/maven-resolver-api-1.9.22.jar:/Users/rakib/.m2/repository/org/apache/maven/resolver/maven-resolver-impl/1.9.22/maven-resolver-impl-1.9.22.jar:/Users/rakib/.m2/repository/org/apache/maven/resolver/maven-resolver-named-locks/1.9.22/maven-resolver-named-locks-1.9.22.jar:/Users/rakib/.m2/repository/org/apache/maven/resolver/maven-resolver-spi/1.9.22/maven-resolver-spi-1.9.22.jar:/Users/rakib/.m2/repository/org/apache/maven/resolver/maven-resolver-util/1.9.22/maven-resolver-util-1.9.22.jar:/Users/rakib/.m2/repository/org/apache/maven/resolver/maven-resolver-transport-http/1.9.23/maven-resolver-transport-http-1.9.23.jar:/Users/rakib/.m2/repository/org/apache/maven/wagon/wagon-provider-api/3.5.3/wagon-provider-api-3.5.3.jar:/Users/rakib/.m2/repository/org/apache/maven/wagon/wagon-http-shared/3.5.3/wagon-http-shared-3.5.3.jar:/Users/rakib/.m2/repository/org/codehaus/plexus/plexus-interpolation/1.26/plexus-interpolation-1.26.jar:/Users/rakib/.m2/repository/org/codehaus/plexus/plexus-utils/3.5.1/plexus-utils-3.5.1.jar:/Users/rakib/.m2/repository/org/codehaus/plexus/plexus-xml/4.0.2/plexus-xml-4.0.2.jar:/Users/rakib/.m2/repository/org/apache/maven/maven-xml-impl/4.0.0-alpha-7/maven-xml-impl-4.0.0-alpha-7.jar:/Users/rakib/.m2/repository/org/apache/maven/maven-api-xml/4.0.0-alpha-7/maven-api-xml-4.0.0-alpha-7.jar:/Users/rakib/.m2/repository/org/apache/maven/maven-api-meta/4.0.0-alpha-7/maven-api-meta-4.0.0-alpha-7.jar:/Users/rakib/.m2/repository/org/codehaus/plexus/plexus-cipher/2.0/plexus-cipher-2.0.jar:/Users/rakib/.m2/repository/org/codehaus/plexus/plexus-sec-dispatcher/2.0/plexus-sec-dispatcher-2.0.jar:/Users/rakib/.m2/repository/org/apache/maven/maven-embedder/3.9.9/maven-embedder-3.9.9.jar:/Users/rakib/.m2/repository/org/apache/maven/maven-core/3.9.9/maven-core-3.9.9.jar:/Users/rakib/.m2/repository/org/codehaus/plexus/plexus-component-annotations/2.1.0/plexus-component-annotations-2.1.0.jar:/Users/rakib/.m2/repository/org/apache/maven/maven-plugin-api/3.9.9/maven-plugin-api-3.9.9.jar:/Users/rakib/.m2/repository/org/apache/maven/shared/maven-shared-utils/3.4.2/maven-shared-utils-3.4.2.jar:/Users/rakib/.m2/repository/com/google/inject/guice/5.1.0/guice-5.1.0.jar:/Users/rakib/.m2/repository/aopalliance/aopalliance/1.0/aopalliance-1.0.jar:/Users/rakib/.m2/repository/com/google/guava/guava/33.4.8-jre/guava-33.4.8-jre.jar:/Users/rakib/.m2/repository/com/google/guava/failureaccess/1.0.1/failureaccess-1.0.1.jar:/Users/rakib/.m2/repository/javax/annotation/javax.annotation-api/1.3.2/javax.annotation-api-1.3.2.jar:/Users/rakib/.m2/repository/org/codehaus/plexus/plexus-classworlds/2.6.0/plexus-classworlds-2.6.0.jar:/Users/rakib/.m2/repository/commons-cli/commons-cli/1.8.0/commons-cli-1.8.0.jar:/Users/rakib/.m2/repository/org/eclipse/sisu/org.eclipse.sisu.plexus/0.9.0.M4/org.eclipse.sisu.plexus-0.9.0.M4.jar:/Users/rakib/.m2/repository/org/apache/maven/maven-settings-builder/3.9.9/maven-settings-builder-3.9.9.jar:/Users/rakib/.m2/repository/org/apache/maven/maven-resolver-provider/3.9.9/maven-resolver-provider-3.9.9.jar:/Users/rakib/.m2/repository/org/apache/maven/resolver/maven-resolver-connector-basic/1.9.22/maven-resolver-connector-basic-1.9.22.jar:/Users/rakib/.m2/repository/org/apache/maven/resolver/maven-resolver-transport-wagon/1.9.22/maven-resolver-transport-wagon-1.9.22.jar:/Users/rakib/.m2/repository/org/apache/maven/wagon/wagon-http/3.5.3/wagon-http-3.5.3.jar:/Users/rakib/.m2/repository/org/apache/maven/wagon/wagon-file/3.5.3/wagon-file-3.5.3.jar:/Users/rakib/.m2/repository/io/quarkus/quarkus-bootstrap-gradle-resolver/3.24.1/quarkus-bootstrap-gradle-resolver-3.24.1.jar:/Users/rakib/.m2/repository/io/smallrye/jandex/3.3.1/jandex-3.3.1.jar:/Users/rakib/.m2/repository/commons-io/commons-io/2.19.0/commons-io-2.19.0.jar:/Users/rakib/.m2/repository/io/quarkus/quarkus-junit5-config/3.24.1/quarkus-junit5-config-3.24.1.jar:/Users/rakib/.m2/repository/org/junit/jupiter/junit-jupiter-api/5.13.1/junit-jupiter-api-5.13.1.jar:/Users/rakib/.m2/repository/org/opentest4j/opentest4j/1.3.0/opentest4j-1.3.0.jar:/Users/rakib/.m2/repository/org/junit/platform/junit-platform-commons/1.13.1/junit-platform-commons-1.13.1.jar:/Users/rakib/.m2/repository/org/apiguardian/apiguardian-api/1.1.2/apiguardian-api-1.1.2.jar:/Users/rakib/.m2/repository/org/junit/jupiter/junit-jupiter/5.13.1/junit-jupiter-5.13.1.jar:/Users/rakib/.m2/repository/org/junit/jupiter/junit-jupiter-params/5.13.1/junit-jupiter-params-5.13.1.jar:/Users/rakib/.m2/repository/org/junit/jupiter/junit-jupiter-engine/5.13.1/junit-jupiter-engine-5.13.1.jar:/Users/rakib/.m2/repository/org/junit/platform/junit-platform-engine/1.13.1/junit-platform-engine-1.13.1.jar:/Users/rakib/.m2/repository/io/rest-assured/rest-assured/5.5.5/rest-assured-5.5.5.jar:/Users/rakib/.m2/repository/org/apache/groovy/groovy/4.0.22/groovy-4.0.22.jar:/Users/rakib/.m2/repository/org/apache/groovy/groovy-xml/4.0.22/groovy-xml-4.0.22.jar:/Users/rakib/.m2/repository/org/apache/httpcomponents/httpclient/4.5.14/httpclient-4.5.14.jar:/Users/rakib/.m2/repository/org/apache/httpcomponents/httpcore/4.4.16/httpcore-4.4.16.jar:/Users/rakib/.m2/repository/commons-codec/commons-codec/1.18.0/commons-codec-1.18.0.jar:/Users/rakib/.m2/repository/org/apache/httpcomponents/httpmime/4.5.14/httpmime-4.5.14.jar:/Users/rakib/.m2/repository/org/hamcrest/hamcrest/2.2/hamcrest-2.2.jar:/Users/rakib/.m2/repository/org/ccil/cowan/tagsoup/tagsoup/1.2.1/tagsoup-1.2.1.jar:/Users/rakib/.m2/repository/io/rest-assured/json-path/5.5.5/json-path-5.5.5.jar:/Users/rakib/.m2/repository/org/apache/groovy/groovy-json/4.0.22/groovy-json-4.0.22.jar:/Users/rakib/.m2/repository/io/rest-assured/rest-assured-common/5.5.5/rest-assured-common-5.5.5.jar:/Users/rakib/.m2/repository/io/rest-assured/xml-path/5.5.5/xml-path-5.5.5.jar:/Users/rakib/.m2/repository/org/apache/commons/commons-lang3/3.17.0/commons-lang3-3.17.0.jar:/Users/rakib/.m2/repository/io/quarkus/quarkus-test-h2/3.24.1/quarkus-test-h2-3.24.1.jar:"/>
    <property name="java.vm.vendor" value="Oracle Corporation"/>
    <property name="sun.arch.data.model" value="64"/>
    <property name="java.vendor.url" value="https://java.oracle.com/"/>
    <property name="user.timezone" value="Asia/Dhaka"/>
    <property name="logging.initial-configurator.min-level" value="500"/>
    <property name="java.vm.specification.version" value="23"/>
    <property name="os.name" value="Mac OS X"/>
    <property name="sun.java.launcher" value="SUN_STANDARD"/>
    <property name="user.country" value="US"/>
    <property name="groovy.use.classvalue" value="false"/>
    <property name="sun.boot.library.path" value="/Library/Java/JavaVirtualMachines/graalvm-23.jdk/Contents/Home/lib"/>
    <property name="sun.java.command" value="/Users/rakib/Projects/code-with-quarkus/target/surefire/surefirebooter-20250702142653123_3.jar /Users/rakib/Projects/code-with-quarkus/target/surefire 2025-07-02T14-26-51_910-jvmRun1 surefire-20250702142653123_1tmp surefire_0-20250702142653123_2tmp"/>
    <property name="http.nonProxyHosts" value="local|*.local|169.254/16|*.169.254/16"/>
    <property name="jdk.debug" value="release"/>
    <property name="maven.home" value="/Users/rakib/.m2/wrapper/dists/apache-maven-3.9.9-bin/33b4b2b4/apache-maven-3.9.9"/>
    <property name="surefire.test.class.path" value="/Users/rakib/Projects/code-with-quarkus/target/test-classes:/Users/rakib/Projects/code-with-quarkus/target/classes:/Users/rakib/.m2/repository/io/quarkus/quarkus-rest/3.24.1/quarkus-rest-3.24.1.jar:/Users/rakib/.m2/repository/io/quarkus/quarkus-rest-common/3.24.1/quarkus-rest-common-3.24.1.jar:/Users/rakib/.m2/repository/io/quarkus/resteasy/reactive/resteasy-reactive-common/3.24.1/resteasy-reactive-common-3.24.1.jar:/Users/rakib/.m2/repository/io/quarkus/resteasy/reactive/resteasy-reactive-common-types/3.24.1/resteasy-reactive-common-types-3.24.1.jar:/Users/rakib/.m2/repository/io/quarkus/resteasy/reactive/resteasy-reactive-vertx/3.24.1/resteasy-reactive-vertx-3.24.1.jar:/Users/rakib/.m2/repository/io/vertx/vertx-web/4.5.16/vertx-web-4.5.16.jar:/Users/rakib/.m2/repository/io/vertx/vertx-bridge-common/4.5.16/vertx-bridge-common-4.5.16.jar:/Users/rakib/.m2/repository/io/smallrye/reactive/smallrye-mutiny-vertx-core/3.19.1/smallrye-mutiny-vertx-core-3.19.1.jar:/Users/rakib/.m2/repository/io/smallrye/reactive/smallrye-mutiny-vertx-runtime/3.19.1/smallrye-mutiny-vertx-runtime-3.19.1.jar:/Users/rakib/.m2/repository/io/smallrye/reactive/vertx-mutiny-generator/3.19.1/vertx-mutiny-generator-3.19.1.jar:/Users/rakib/.m2/repository/io/vertx/vertx-codegen/4.5.16/vertx-codegen-4.5.16.jar:/Users/rakib/.m2/repository/io/quarkus/resteasy/reactive/resteasy-reactive/3.24.1/resteasy-reactive-3.24.1.jar:/Users/rakib/.m2/repository/io/quarkus/vertx/utils/quarkus-vertx-utils/3.24.1/quarkus-vertx-utils-3.24.1.jar:/Users/rakib/.m2/repository/jakarta/annotation/jakarta.annotation-api/3.0.0/jakarta.annotation-api-3.0.0.jar:/Users/rakib/.m2/repository/org/jboss/logging/commons-logging-jboss-logging/1.0.0.Final/commons-logging-jboss-logging-1.0.0.Final.jar:/Users/rakib/.m2/repository/jakarta/xml/bind/jakarta.xml.bind-api/4.0.2/jakarta.xml.bind-api-4.0.2.jar:/Users/rakib/.m2/repository/jakarta/activation/jakarta.activation-api/2.1.3/jakarta.activation-api-2.1.3.jar:/Users/rakib/.m2/repository/org/jboss/logging/jboss-logging/3.6.1.Final/jboss-logging-3.6.1.Final.jar:/Users/rakib/.m2/repository/io/quarkus/quarkus-vertx-http/3.24.1/quarkus-vertx-http-3.24.1.jar:/Users/rakib/.m2/repository/io/quarkus/quarkus-credentials/3.24.1/quarkus-credentials-3.24.1.jar:/Users/rakib/.m2/repository/io/smallrye/common/smallrye-common-vertx-context/2.12.0/smallrye-common-vertx-context-2.12.0.jar:/Users/rakib/.m2/repository/io/smallrye/common/smallrye-common-constraint/2.12.0/smallrye-common-constraint-2.12.0.jar:/Users/rakib/.m2/repository/io/smallrye/reactive/smallrye-mutiny-vertx-web/3.19.1/smallrye-mutiny-vertx-web-3.19.1.jar:/Users/rakib/.m2/repository/io/smallrye/reactive/smallrye-mutiny-vertx-web-common/3.19.1/smallrye-mutiny-vertx-web-common-3.19.1.jar:/Users/rakib/.m2/repository/io/smallrye/reactive/smallrye-mutiny-vertx-auth-common/3.19.1/smallrye-mutiny-vertx-auth-common-3.19.1.jar:/Users/rakib/.m2/repository/io/smallrye/reactive/smallrye-mutiny-vertx-bridge-common/3.19.1/smallrye-mutiny-vertx-bridge-common-3.19.1.jar:/Users/rakib/.m2/repository/io/smallrye/reactive/smallrye-mutiny-vertx-uri-template/3.19.1/smallrye-mutiny-vertx-uri-template-3.19.1.jar:/Users/rakib/.m2/repository/io/github/crac/org-crac/0.1.3/org-crac-0.1.3.jar:/Users/rakib/.m2/repository/com/aayushatharva/brotli4j/brotli4j/1.16.0/brotli4j-1.16.0.jar:/Users/rakib/.m2/repository/com/aayushatharva/brotli4j/service/1.16.0/service-1.16.0.jar:/Users/rakib/.m2/repository/com/aayushatharva/brotli4j/native-osx-aarch64/1.16.0/native-osx-aarch64-1.16.0.jar:/Users/rakib/.m2/repository/io/quarkus/quarkus-jsonp/3.24.1/quarkus-jsonp-3.24.1.jar:/Users/rakib/.m2/repository/org/eclipse/parsson/parsson/1.1.7/parsson-1.1.7.jar:/Users/rakib/.m2/repository/io/quarkus/quarkus-virtual-threads/3.24.1/quarkus-virtual-threads-3.24.1.jar:/Users/rakib/.m2/repository/io/vertx/vertx-core/4.5.16/vertx-core-4.5.16.jar:/Users/rakib/.m2/repository/io/netty/netty-common/4.1.121.Final/netty-common-4.1.121.Final.jar:/Users/rakib/.m2/repository/io/netty/netty-buffer/4.1.121.Final/netty-buffer-4.1.121.Final.jar:/Users/rakib/.m2/repository/io/netty/netty-transport/4.1.121.Final/netty-transport-4.1.121.Final.jar:/Users/rakib/.m2/repository/io/netty/netty-handler/4.1.121.Final/netty-handler-4.1.121.Final.jar:/Users/rakib/.m2/repository/io/netty/netty-transport-native-unix-common/4.1.121.Final/netty-transport-native-unix-common-4.1.121.Final.jar:/Users/rakib/.m2/repository/io/netty/netty-handler-proxy/4.1.121.Final/netty-handler-proxy-4.1.121.Final.jar:/Users/rakib/.m2/repository/io/netty/netty-codec-socks/4.1.121.Final/netty-codec-socks-4.1.121.Final.jar:/Users/rakib/.m2/repository/io/netty/netty-codec-http/4.1.121.Final/netty-codec-http-4.1.121.Final.jar:/Users/rakib/.m2/repository/io/netty/netty-codec-http2/4.1.121.Final/netty-codec-http2-4.1.121.Final.jar:/Users/rakib/.m2/repository/io/netty/netty-resolver/4.1.121.Final/netty-resolver-4.1.121.Final.jar:/Users/rakib/.m2/repository/io/netty/netty-resolver-dns/4.1.121.Final/netty-resolver-dns-4.1.121.Final.jar:/Users/rakib/.m2/repository/io/netty/netty-codec-dns/4.1.121.Final/netty-codec-dns-4.1.121.Final.jar:/Users/rakib/.m2/repository/com/fasterxml/jackson/core/jackson-core/2.19.1/jackson-core-2.19.1.jar:/Users/rakib/.m2/repository/io/quarkus/quarkus-rest-jackson/3.24.1/quarkus-rest-jackson-3.24.1.jar:/Users/rakib/.m2/repository/io/quarkus/quarkus-rest-jackson-common/3.24.1/quarkus-rest-jackson-common-3.24.1.jar:/Users/rakib/.m2/repository/io/quarkus/resteasy/reactive/resteasy-reactive-jackson/3.24.1/resteasy-reactive-jackson-3.24.1.jar:/Users/rakib/.m2/repository/com/fasterxml/jackson/core/jackson-databind/2.19.1/jackson-databind-2.19.1.jar:/Users/rakib/.m2/repository/com/fasterxml/jackson/core/jackson-annotations/2.19.1/jackson-annotations-2.19.1.jar:/Users/rakib/.m2/repository/io/quarkus/quarkus-jackson/3.24.1/quarkus-jackson-3.24.1.jar:/Users/rakib/.m2/repository/com/fasterxml/jackson/datatype/jackson-datatype-jsr310/2.19.1/jackson-datatype-jsr310-2.19.1.jar:/Users/rakib/.m2/repository/com/fasterxml/jackson/datatype/jackson-datatype-jdk8/2.19.1/jackson-datatype-jdk8-2.19.1.jar:/Users/rakib/.m2/repository/com/fasterxml/jackson/module/jackson-module-parameter-names/2.19.1/jackson-module-parameter-names-2.19.1.jar:/Users/rakib/.m2/repository/io/quarkus/quarkus-smallrye-graphql-client/3.24.1/quarkus-smallrye-graphql-client-3.24.1.jar:/Users/rakib/.m2/repository/io/quarkus/quarkus-core/3.24.1/quarkus-core-3.24.1.jar:/Users/rakib/.m2/repository/jakarta/inject/jakarta.inject-api/2.0.1/jakarta.inject-api-2.0.1.jar:/Users/rakib/.m2/repository/io/smallrye/common/smallrye-common-os/2.12.0/smallrye-common-os-2.12.0.jar:/Users/rakib/.m2/repository/io/quarkus/quarkus-ide-launcher/3.24.1/quarkus-ide-launcher-3.24.1.jar:/Users/rakib/.m2/repository/io/quarkus/quarkus-development-mode-spi/3.24.1/quarkus-development-mode-spi-3.24.1.jar:/Users/rakib/.m2/repository/io/smallrye/config/smallrye-config/3.13.2/smallrye-config-3.13.2.jar:/Users/rakib/.m2/repository/io/smallrye/config/smallrye-config-core/3.13.2/smallrye-config-core-3.13.2.jar:/Users/rakib/.m2/repository/io/smallrye/common/smallrye-common-classloader/2.12.0/smallrye-common-classloader-2.12.0.jar:/Users/rakib/.m2/repository/io/smallrye/config/smallrye-config-common/3.13.2/smallrye-config-common-3.13.2.jar:/Users/rakib/.m2/repository/org/jboss/logmanager/jboss-logmanager/3.1.2.Final/jboss-logmanager-3.1.2.Final.jar:/Users/rakib/.m2/repository/io/smallrye/common/smallrye-common-cpu/2.12.0/smallrye-common-cpu-2.12.0.jar:/Users/rakib/.m2/repository/io/smallrye/common/smallrye-common-expression/2.12.0/smallrye-common-expression-2.12.0.jar:/Users/rakib/.m2/repository/io/smallrye/common/smallrye-common-net/2.12.0/smallrye-common-net-2.12.0.jar:/Users/rakib/.m2/repository/io/smallrye/common/smallrye-common-ref/2.12.0/smallrye-common-ref-2.12.0.jar:/Users/rakib/.m2/repository/org/jboss/threads/jboss-threads/3.9.1/jboss-threads-3.9.1.jar:/Users/rakib/.m2/repository/io/smallrye/common/smallrye-common-function/2.12.0/smallrye-common-function-2.12.0.jar:/Users/rakib/.m2/repository/org/slf4j/slf4j-api/2.0.6/slf4j-api-2.0.6.jar:/Users/rakib/.m2/repository/org/jboss/slf4j/slf4j-jboss-logmanager/2.0.0.Final/slf4j-jboss-logmanager-2.0.0.Final.jar:/Users/rakib/.m2/repository/org/wildfly/common/wildfly-common/2.0.1/wildfly-common-2.0.1.jar:/Users/rakib/.m2/repository/io/quarkus/quarkus-bootstrap-runner/3.24.1/quarkus-bootstrap-runner-3.24.1.jar:/Users/rakib/.m2/repository/io/quarkus/quarkus-fs-util/1.0.0/quarkus-fs-util-1.0.0.jar:/Users/rakib/.m2/repository/io/quarkus/quarkus-vertx/3.24.1/quarkus-vertx-3.24.1.jar:/Users/rakib/.m2/repository/io/quarkus/quarkus-netty/3.24.1/quarkus-netty-3.24.1.jar:/Users/rakib/.m2/repository/io/netty/netty-codec/4.1.121.Final/netty-codec-4.1.121.Final.jar:/Users/rakib/.m2/repository/io/netty/netty-codec-haproxy/4.1.121.Final/netty-codec-haproxy-4.1.121.Final.jar:/Users/rakib/.m2/repository/io/smallrye/common/smallrye-common-annotation/2.12.0/smallrye-common-annotation-2.12.0.jar:/Users/rakib/.m2/repository/io/quarkus/quarkus-vertx-latebound-mdc-provider/3.24.1/quarkus-vertx-latebound-mdc-provider-3.24.1.jar:/Users/rakib/.m2/repository/io/smallrye/smallrye-fault-tolerance-vertx/6.9.1/smallrye-fault-tolerance-vertx-6.9.1.jar:/Users/rakib/.m2/repository/io/quarkus/quarkus-smallrye-stork/3.24.1/quarkus-smallrye-stork-3.24.1.jar:/Users/rakib/.m2/repository/io/smallrye/stork/stork-api/2.7.3/stork-api-2.7.3.jar:/Users/rakib/.m2/repository/io/smallrye/stork/stork-core/2.7.3/stork-core-2.7.3.jar:/Users/rakib/.m2/repository/io/smallrye/smallrye-graphql-client-model/2.13.0/smallrye-graphql-client-model-2.13.0.jar:/Users/rakib/.m2/repository/io/quarkus/quarkus-tls-registry/3.24.1/quarkus-tls-registry-3.24.1.jar:/Users/rakib/.m2/repository/io/quarkus/quarkus-tls-registry-spi/3.24.1/quarkus-tls-registry-spi-3.24.1.jar:/Users/rakib/.m2/repository/io/smallrye/certs/smallrye-private-key-pem-parser/0.9.2/smallrye-private-key-pem-parser-0.9.2.jar:/Users/rakib/.m2/repository/io/smallrye/smallrye-graphql-client-implementation-vertx/2.13.0/smallrye-graphql-client-implementation-vertx-2.13.0.jar:/Users/rakib/.m2/repository/io/smallrye/smallrye-graphql-client/2.13.0/smallrye-graphql-client-2.13.0.jar:/Users/rakib/.m2/repository/io/smallrye/smallrye-graphql-api/2.13.0/smallrye-graphql-api-2.13.0.jar:/Users/rakib/.m2/repository/io/smallrye/smallrye-graphql-client-api/2.13.0/smallrye-graphql-client-api-2.13.0.jar:/Users/rakib/.m2/repository/org/eclipse/microprofile/graphql/microprofile-graphql-api/2.0/microprofile-graphql-api-2.0.jar:/Users/rakib/.m2/repository/org/eclipse/microprofile/config/microprofile-config-api/3.1/microprofile-config-api-3.1.jar:/Users/rakib/.m2/repository/jakarta/json/jakarta.json-api/2.1.3/jakarta.json-api-2.1.3.jar:/Users/rakib/.m2/repository/jakarta/json/bind/jakarta.json.bind-api/3.0.1/jakarta.json.bind-api-3.0.1.jar:/Users/rakib/.m2/repository/io/quarkiverse/quinoa/quarkus-quinoa/2.5.4/quarkus-quinoa-2.5.4.jar:/Users/rakib/.m2/repository/io/vertx/vertx-web-client/4.5.16/vertx-web-client-4.5.16.jar:/Users/rakib/.m2/repository/io/vertx/vertx-uri-template/4.5.16/vertx-uri-template-4.5.16.jar:/Users/rakib/.m2/repository/io/vertx/vertx-web-common/4.5.16/vertx-web-common-4.5.16.jar:/Users/rakib/.m2/repository/io/vertx/vertx-auth-common/4.5.16/vertx-auth-common-4.5.16.jar:/Users/rakib/.m2/repository/io/quarkus/quarkus-smallrye-graphql/3.24.1/quarkus-smallrye-graphql-3.24.1.jar:/Users/rakib/.m2/repository/io/smallrye/smallrye-graphql-cdi/2.13.0/smallrye-graphql-cdi-2.13.0.jar:/Users/rakib/.m2/repository/io/smallrye/smallrye-graphql/2.13.0/smallrye-graphql-2.13.0.jar:/Users/rakib/.m2/repository/io/smallrye/smallrye-graphql-schema-model/2.13.0/smallrye-graphql-schema-model-2.13.0.jar:/Users/rakib/.m2/repository/com/graphql-java/graphql-java/22.2/graphql-java-22.2.jar:/Users/rakib/.m2/repository/com/graphql-java/java-dataloader/3.3.0/java-dataloader-3.3.0.jar:/Users/rakib/.m2/repository/com/apollographql/federation/federation-graphql-java-support/4.4.0/federation-graphql-java-support-4.4.0.jar:/Users/rakib/.m2/repository/com/google/protobuf/protobuf-java/3.25.5/protobuf-java-3.25.5.jar:/Users/rakib/.m2/repository/com/graphql-java/graphql-java-extended-scalars/21.0/graphql-java-extended-scalars-21.0.jar:/Users/rakib/.m2/repository/io/quarkus/quarkus-smallrye-context-propagation/3.24.1/quarkus-smallrye-context-propagation-3.24.1.jar:/Users/rakib/.m2/repository/io/smallrye/smallrye-context-propagation/2.2.1/smallrye-context-propagation-2.2.1.jar:/Users/rakib/.m2/repository/io/smallrye/smallrye-context-propagation-api/2.2.1/smallrye-context-propagation-api-2.2.1.jar:/Users/rakib/.m2/repository/io/smallrye/smallrye-context-propagation-storage/2.2.1/smallrye-context-propagation-storage-2.2.1.jar:/Users/rakib/.m2/repository/org/eclipse/microprofile/metrics/microprofile-metrics-api/4.0.1/microprofile-metrics-api-4.0.1.jar:/Users/rakib/.m2/repository/io/quarkus/quarkus-arc/3.24.1/quarkus-arc-3.24.1.jar:/Users/rakib/.m2/repository/io/quarkus/arc/arc/3.24.1/arc-3.24.1.jar:/Users/rakib/.m2/repository/io/smallrye/reactive/mutiny/2.9.0/mutiny-2.9.0.jar:/Users/rakib/.m2/repository/org/jctools/jctools-core/4.0.5/jctools-core-4.0.5.jar:/Users/rakib/.m2/repository/org/eclipse/microprofile/context-propagation/microprofile-context-propagation-api/1.3/microprofile-context-propagation-api-1.3.jar:/Users/rakib/.m2/repository/io/quarkus/quarkus-hibernate-orm-panache/3.24.1/quarkus-hibernate-orm-panache-3.24.1.jar:/Users/rakib/.m2/repository/io/quarkus/quarkus-hibernate-orm/3.24.1/quarkus-hibernate-orm-3.24.1.jar:/Users/rakib/.m2/repository/org/hibernate/orm/hibernate-core/7.0.3.Final/hibernate-core-7.0.3.Final.jar:/Users/rakib/.m2/repository/org/hibernate/models/hibernate-models/1.0.0/hibernate-models-1.0.0.jar:/Users/rakib/.m2/repository/org/antlr/antlr4-runtime/4.13.0/antlr4-runtime-4.13.0.jar:/Users/rakib/.m2/repository/net/bytebuddy/byte-buddy/1.17.5/byte-buddy-1.17.5.jar:/Users/rakib/.m2/repository/org/hibernate/orm/hibernate-graalvm/7.0.3.Final/hibernate-graalvm-7.0.3.Final.jar:/Users/rakib/.m2/repository/org/glassfish/jaxb/jaxb-runtime/4.0.5/jaxb-runtime-4.0.5.jar:/Users/rakib/.m2/repository/org/glassfish/jaxb/jaxb-core/4.0.5/jaxb-core-4.0.5.jar:/Users/rakib/.m2/repository/org/eclipse/angus/angus-activation/2.0.2/angus-activation-2.0.2.jar:/Users/rakib/.m2/repository/org/glassfish/jaxb/txw2/4.0.5/txw2-4.0.5.jar:/Users/rakib/.m2/repository/com/sun/istack/istack-commons-runtime/4.1.2/istack-commons-runtime-4.1.2.jar:/Users/rakib/.m2/repository/jakarta/persistence/jakarta.persistence-api/3.2.0/jakarta.persistence-api-3.2.0.jar:/Users/rakib/.m2/repository/org/hibernate/quarkus-local-cache/0.3.1/quarkus-local-cache-0.3.1.jar:/Users/rakib/.m2/repository/io/quarkus/quarkus-caffeine/3.24.1/quarkus-caffeine-3.24.1.jar:/Users/rakib/.m2/repository/com/github/ben-manes/caffeine/caffeine/3.2.0/caffeine-3.2.0.jar:/Users/rakib/.m2/repository/org/jspecify/jspecify/1.0.0/jspecify-1.0.0.jar:/Users/rakib/.m2/repository/com/google/errorprone/error_prone_annotations/2.38.0/error_prone_annotations-2.38.0.jar:/Users/rakib/.m2/repository/io/quarkus/quarkus-hibernate-orm-panache-common/3.24.1/quarkus-hibernate-orm-panache-common-3.24.1.jar:/Users/rakib/.m2/repository/io/quarkus/quarkus-panache-hibernate-common/3.24.1/quarkus-panache-hibernate-common-3.24.1.jar:/Users/rakib/.m2/repository/io/quarkus/quarkus-panache-common/3.24.1/quarkus-panache-common-3.24.1.jar:/Users/rakib/.m2/repository/io/quarkus/quarkus-jdbc-h2/3.24.1/quarkus-jdbc-h2-3.24.1.jar:/Users/rakib/.m2/repository/com/h2database/h2/2.3.230/h2-2.3.230.jar:/Users/rakib/.m2/repository/org/locationtech/jts/jts-core/1.19.0/jts-core-1.19.0.jar:/Users/rakib/.m2/repository/io/quarkus/quarkus-jdbc-postgresql/3.24.1/quarkus-jdbc-postgresql-3.24.1.jar:/Users/rakib/.m2/repository/io/quarkus/quarkus-agroal/3.24.1/quarkus-agroal-3.24.1.jar:/Users/rakib/.m2/repository/io/quarkus/quarkus-datasource/3.24.1/quarkus-datasource-3.24.1.jar:/Users/rakib/.m2/repository/io/agroal/agroal-api/2.7.1/agroal-api-2.7.1.jar:/Users/rakib/.m2/repository/io/agroal/agroal-narayana/2.7.1/agroal-narayana-2.7.1.jar:/Users/rakib/.m2/repository/io/agroal/agroal-pool/2.7.1/agroal-pool-2.7.1.jar:/Users/rakib/.m2/repository/org/postgresql/postgresql/42.7.7/postgresql-42.7.7.jar:/Users/rakib/.m2/repository/io/quarkus/quarkus-hibernate-validator/3.24.1/quarkus-hibernate-validator-3.24.1.jar:/Users/rakib/.m2/repository/org/hibernate/validator/hibernate-validator/9.0.1.Final/hibernate-validator-9.0.1.Final.jar:/Users/rakib/.m2/repository/jakarta/validation/jakarta.validation-api/3.1.0/jakarta.validation-api-3.1.0.jar:/Users/rakib/.m2/repository/com/fasterxml/classmate/1.7.0/classmate-1.7.0.jar:/Users/rakib/.m2/repository/org/glassfish/expressly/expressly/6.0.0/expressly-6.0.0.jar:/Users/rakib/.m2/repository/jakarta/el/jakarta.el-api/6.0.1/jakarta.el-api-6.0.1.jar:/Users/rakib/.m2/repository/io/smallrye/config/smallrye-config-validator/3.13.2/smallrye-config-validator-3.13.2.jar:/Users/rakib/.m2/repository/jakarta/ws/rs/jakarta.ws.rs-api/3.1.0/jakarta.ws.rs-api-3.1.0.jar:/Users/rakib/.m2/repository/io/quarkus/quarkus-jsonb/3.24.1/quarkus-jsonb-3.24.1.jar:/Users/rakib/.m2/repository/org/eclipse/yasson/3.0.4/yasson-3.0.4.jar:/Users/rakib/.m2/repository/io/quarkus/quarkus-narayana-jta/3.24.1/quarkus-narayana-jta-3.24.1.jar:/Users/rakib/.m2/repository/io/quarkus/quarkus-transaction-annotations/3.24.1/quarkus-transaction-annotations-3.24.1.jar:/Users/rakib/.m2/repository/io/quarkus/quarkus-mutiny/3.24.1/quarkus-mutiny-3.24.1.jar:/Users/rakib/.m2/repository/io/smallrye/reactive/mutiny-smallrye-context-propagation/2.9.0/mutiny-smallrye-context-propagation-2.9.0.jar:/Users/rakib/.m2/repository/io/quarkus/quarkus-datasource-common/3.24.1/quarkus-datasource-common-3.24.1.jar:/Users/rakib/.m2/repository/io/smallrye/smallrye-context-propagation-jta/2.2.1/smallrye-context-propagation-jta-2.2.1.jar:/Users/rakib/.m2/repository/jakarta/transaction/jakarta.transaction-api/2.0.1/jakarta.transaction-api-2.0.1.jar:/Users/rakib/.m2/repository/io/smallrye/reactive/smallrye-reactive-converter-api/3.0.3/smallrye-reactive-converter-api-3.0.3.jar:/Users/rakib/.m2/repository/org/reactivestreams/reactive-streams/1.0.4/reactive-streams-1.0.4.jar:/Users/rakib/.m2/repository/io/smallrye/reactive/smallrye-reactive-converter-mutiny/3.0.3/smallrye-reactive-converter-mutiny-3.0.3.jar:/Users/rakib/.m2/repository/io/smallrye/reactive/mutiny-zero-flow-adapters/1.1.1/mutiny-zero-flow-adapters-1.1.1.jar:/Users/rakib/.m2/repository/org/jboss/narayana/jta/narayana-jta/7.2.2.Final/narayana-jta-7.2.2.Final.jar:/Users/rakib/.m2/repository/org/jboss/jboss-transaction-spi/8.0.0.Final/jboss-transaction-spi-8.0.0.Final.jar:/Users/rakib/.m2/repository/jakarta/resource/jakarta.resource-api/2.1.0/jakarta.resource-api-2.1.0.jar:/Users/rakib/.m2/repository/org/jboss/invocation/jboss-invocation/2.0.0.Final/jboss-invocation-2.0.0.Final.jar:/Users/rakib/.m2/repository/org/eclipse/microprofile/reactive-streams-operators/microprofile-reactive-streams-operators-api/3.0.1/microprofile-reactive-streams-operators-api-3.0.1.jar:/Users/rakib/.m2/repository/org/jboss/narayana/jts/narayana-jts-integration/7.2.2.Final/narayana-jts-integration-7.2.2.Final.jar:/Users/rakib/.m2/repository/io/quarkus/quarkus-security/3.24.1/quarkus-security-3.24.1.jar:/Users/rakib/.m2/repository/io/quarkus/quarkus-security-runtime-spi/3.24.1/quarkus-security-runtime-spi-3.24.1.jar:/Users/rakib/.m2/repository/jakarta/interceptor/jakarta.interceptor-api/2.2.0/jakarta.interceptor-api-2.2.0.jar:/Users/rakib/.m2/repository/io/quarkus/security/quarkus-security/2.2.1/quarkus-security-2.2.1.jar:/Users/rakib/.m2/repository/jakarta/enterprise/jakarta.enterprise.cdi-api/4.1.0/jakarta.enterprise.cdi-api-4.1.0.jar:/Users/rakib/.m2/repository/jakarta/enterprise/jakarta.enterprise.lang-model/4.1.0/jakarta.enterprise.lang-model-4.1.0.jar:/Users/rakib/.m2/repository/io/quarkus/quarkus-junit5/3.24.1/quarkus-junit5-3.24.1.jar:/Users/rakib/.m2/repository/io/quarkus/quarkus-bootstrap-core/3.24.1/quarkus-bootstrap-core-3.24.1.jar:/Users/rakib/.m2/repository/io/quarkus/quarkus-classloader-commons/3.24.1/quarkus-classloader-commons-3.24.1.jar:/Users/rakib/.m2/repository/io/quarkus/quarkus-bootstrap-app-model/3.24.1/quarkus-bootstrap-app-model-3.24.1.jar:/Users/rakib/.m2/repository/io/smallrye/common/smallrye-common-io/2.12.0/smallrye-common-io-2.12.0.jar:/Users/rakib/.m2/repository/org/eclipse/sisu/org.eclipse.sisu.inject/0.9.0.M4/org.eclipse.sisu.inject-0.9.0.M4.jar:/Users/rakib/.m2/repository/org/ow2/asm/asm/9.8/asm-9.8.jar:/Users/rakib/.m2/repository/io/quarkus/quarkus-test-common/3.24.1/quarkus-test-common-3.24.1.jar:/Users/rakib/.m2/repository/io/quarkus/quarkus-core-deployment/3.24.1/quarkus-core-deployment-3.24.1.jar:/Users/rakib/.m2/repository/org/aesh/readline/2.6/readline-2.6.jar:/Users/rakib/.m2/repository/org/fusesource/jansi/jansi/2.4.0/jansi-2.4.0.jar:/Users/rakib/.m2/repository/org/aesh/aesh/2.8.2/aesh-2.8.2.jar:/Users/rakib/.m2/repository/io/quarkus/gizmo/gizmo/1.9.0/gizmo-1.9.0.jar:/Users/rakib/.m2/repository/org/ow2/asm/asm-util/9.8/asm-util-9.8.jar:/Users/rakib/.m2/repository/org/ow2/asm/asm-analysis/9.8/asm-analysis-9.8.jar:/Users/rakib/.m2/repository/org/ow2/asm/asm-commons/9.8/asm-commons-9.8.jar:/Users/rakib/.m2/repository/org/ow2/asm/asm-tree/9.8/asm-tree-9.8.jar:/Users/rakib/.m2/repository/io/quarkus/quarkus-hibernate-validator-spi/3.24.1/quarkus-hibernate-validator-spi-3.24.1.jar:/Users/rakib/.m2/repository/io/quarkus/quarkus-class-change-agent/3.24.1/quarkus-class-change-agent-3.24.1.jar:/Users/rakib/.m2/repository/io/quarkus/quarkus-devtools-utilities/3.24.1/quarkus-devtools-utilities-3.24.1.jar:/Users/rakib/.m2/repository/io/quarkus/quarkus-builder/3.24.1/quarkus-builder-3.24.1.jar:/Users/rakib/.m2/repository/org/graalvm/sdk/nativeimage/23.1.2/nativeimage-23.1.2.jar:/Users/rakib/.m2/repository/org/graalvm/sdk/word/23.1.2/word-23.1.2.jar:/Users/rakib/.m2/repository/org/junit/platform/junit-platform-launcher/1.13.1/junit-platform-launcher-1.13.1.jar:/Users/rakib/.m2/repository/io/quarkus/quarkus-bootstrap-maven-resolver/3.24.1/quarkus-bootstrap-maven-resolver-3.24.1.jar:/Users/rakib/.m2/repository/io/smallrye/beanbag/smallrye-beanbag-maven/1.5.3/smallrye-beanbag-maven-1.5.3.jar:/Users/rakib/.m2/repository/io/smallrye/beanbag/smallrye-beanbag-sisu/1.5.3/smallrye-beanbag-sisu-1.5.3.jar:/Users/rakib/.m2/repository/io/smallrye/beanbag/smallrye-beanbag/1.5.3/smallrye-beanbag-1.5.3.jar:/Users/rakib/.m2/repository/javax/inject/javax.inject/1/javax.inject-1.jar:/Users/rakib/.m2/repository/org/apache/maven/maven-artifact/3.9.9/maven-artifact-3.9.9.jar:/Users/rakib/.m2/repository/org/apache/maven/maven-builder-support/3.9.9/maven-builder-support-3.9.9.jar:/Users/rakib/.m2/repository/org/apache/maven/maven-model/3.9.9/maven-model-3.9.9.jar:/Users/rakib/.m2/repository/org/apache/maven/maven-model-builder/3.9.9/maven-model-builder-3.9.9.jar:/Users/rakib/.m2/repository/org/apache/maven/maven-repository-metadata/3.9.9/maven-repository-metadata-3.9.9.jar:/Users/rakib/.m2/repository/org/apache/maven/maven-settings/3.9.9/maven-settings-3.9.9.jar:/Users/rakib/.m2/repository/org/apache/maven/resolver/maven-resolver-api/1.9.22/maven-resolver-api-1.9.22.jar:/Users/rakib/.m2/repository/org/apache/maven/resolver/maven-resolver-impl/1.9.22/maven-resolver-impl-1.9.22.jar:/Users/rakib/.m2/repository/org/apache/maven/resolver/maven-resolver-named-locks/1.9.22/maven-resolver-named-locks-1.9.22.jar:/Users/rakib/.m2/repository/org/apache/maven/resolver/maven-resolver-spi/1.9.22/maven-resolver-spi-1.9.22.jar:/Users/rakib/.m2/repository/org/apache/maven/resolver/maven-resolver-util/1.9.22/maven-resolver-util-1.9.22.jar:/Users/rakib/.m2/repository/org/apache/maven/resolver/maven-resolver-transport-http/1.9.23/maven-resolver-transport-http-1.9.23.jar:/Users/rakib/.m2/repository/org/apache/maven/wagon/wagon-provider-api/3.5.3/wagon-provider-api-3.5.3.jar:/Users/rakib/.m2/repository/org/apache/maven/wagon/wagon-http-shared/3.5.3/wagon-http-shared-3.5.3.jar:/Users/rakib/.m2/repository/org/codehaus/plexus/plexus-interpolation/1.26/plexus-interpolation-1.26.jar:/Users/rakib/.m2/repository/org/codehaus/plexus/plexus-utils/3.5.1/plexus-utils-3.5.1.jar:/Users/rakib/.m2/repository/org/codehaus/plexus/plexus-xml/4.0.2/plexus-xml-4.0.2.jar:/Users/rakib/.m2/repository/org/apache/maven/maven-xml-impl/4.0.0-alpha-7/maven-xml-impl-4.0.0-alpha-7.jar:/Users/rakib/.m2/repository/org/apache/maven/maven-api-xml/4.0.0-alpha-7/maven-api-xml-4.0.0-alpha-7.jar:/Users/rakib/.m2/repository/org/apache/maven/maven-api-meta/4.0.0-alpha-7/maven-api-meta-4.0.0-alpha-7.jar:/Users/rakib/.m2/repository/org/codehaus/plexus/plexus-cipher/2.0/plexus-cipher-2.0.jar:/Users/rakib/.m2/repository/org/codehaus/plexus/plexus-sec-dispatcher/2.0/plexus-sec-dispatcher-2.0.jar:/Users/rakib/.m2/repository/org/apache/maven/maven-embedder/3.9.9/maven-embedder-3.9.9.jar:/Users/rakib/.m2/repository/org/apache/maven/maven-core/3.9.9/maven-core-3.9.9.jar:/Users/rakib/.m2/repository/org/codehaus/plexus/plexus-component-annotations/2.1.0/plexus-component-annotations-2.1.0.jar:/Users/rakib/.m2/repository/org/apache/maven/maven-plugin-api/3.9.9/maven-plugin-api-3.9.9.jar:/Users/rakib/.m2/repository/org/apache/maven/shared/maven-shared-utils/3.4.2/maven-shared-utils-3.4.2.jar:/Users/rakib/.m2/repository/com/google/inject/guice/5.1.0/guice-5.1.0.jar:/Users/rakib/.m2/repository/aopalliance/aopalliance/1.0/aopalliance-1.0.jar:/Users/rakib/.m2/repository/com/google/guava/guava/33.4.8-jre/guava-33.4.8-jre.jar:/Users/rakib/.m2/repository/com/google/guava/failureaccess/1.0.1/failureaccess-1.0.1.jar:/Users/rakib/.m2/repository/javax/annotation/javax.annotation-api/1.3.2/javax.annotation-api-1.3.2.jar:/Users/rakib/.m2/repository/org/codehaus/plexus/plexus-classworlds/2.6.0/plexus-classworlds-2.6.0.jar:/Users/rakib/.m2/repository/commons-cli/commons-cli/1.8.0/commons-cli-1.8.0.jar:/Users/rakib/.m2/repository/org/eclipse/sisu/org.eclipse.sisu.plexus/0.9.0.M4/org.eclipse.sisu.plexus-0.9.0.M4.jar:/Users/rakib/.m2/repository/org/apache/maven/maven-settings-builder/3.9.9/maven-settings-builder-3.9.9.jar:/Users/rakib/.m2/repository/org/apache/maven/maven-resolver-provider/3.9.9/maven-resolver-provider-3.9.9.jar:/Users/rakib/.m2/repository/org/apache/maven/resolver/maven-resolver-connector-basic/1.9.22/maven-resolver-connector-basic-1.9.22.jar:/Users/rakib/.m2/repository/org/apache/maven/resolver/maven-resolver-transport-wagon/1.9.22/maven-resolver-transport-wagon-1.9.22.jar:/Users/rakib/.m2/repository/org/apache/maven/wagon/wagon-http/3.5.3/wagon-http-3.5.3.jar:/Users/rakib/.m2/repository/org/apache/maven/wagon/wagon-file/3.5.3/wagon-file-3.5.3.jar:/Users/rakib/.m2/repository/io/quarkus/quarkus-bootstrap-gradle-resolver/3.24.1/quarkus-bootstrap-gradle-resolver-3.24.1.jar:/Users/rakib/.m2/repository/io/smallrye/jandex/3.3.1/jandex-3.3.1.jar:/Users/rakib/.m2/repository/commons-io/commons-io/2.19.0/commons-io-2.19.0.jar:/Users/rakib/.m2/repository/io/quarkus/quarkus-junit5-config/3.24.1/quarkus-junit5-config-3.24.1.jar:/Users/rakib/.m2/repository/org/junit/jupiter/junit-jupiter-api/5.13.1/junit-jupiter-api-5.13.1.jar:/Users/rakib/.m2/repository/org/opentest4j/opentest4j/1.3.0/opentest4j-1.3.0.jar:/Users/rakib/.m2/repository/org/junit/platform/junit-platform-commons/1.13.1/junit-platform-commons-1.13.1.jar:/Users/rakib/.m2/repository/org/apiguardian/apiguardian-api/1.1.2/apiguardian-api-1.1.2.jar:/Users/rakib/.m2/repository/org/junit/jupiter/junit-jupiter/5.13.1/junit-jupiter-5.13.1.jar:/Users/rakib/.m2/repository/org/junit/jupiter/junit-jupiter-params/5.13.1/junit-jupiter-params-5.13.1.jar:/Users/rakib/.m2/repository/org/junit/jupiter/junit-jupiter-engine/5.13.1/junit-jupiter-engine-5.13.1.jar:/Users/rakib/.m2/repository/org/junit/platform/junit-platform-engine/1.13.1/junit-platform-engine-1.13.1.jar:/Users/rakib/.m2/repository/io/rest-assured/rest-assured/5.5.5/rest-assured-5.5.5.jar:/Users/rakib/.m2/repository/org/apache/groovy/groovy/4.0.22/groovy-4.0.22.jar:/Users/rakib/.m2/repository/org/apache/groovy/groovy-xml/4.0.22/groovy-xml-4.0.22.jar:/Users/rakib/.m2/repository/org/apache/httpcomponents/httpclient/4.5.14/httpclient-4.5.14.jar:/Users/rakib/.m2/repository/org/apache/httpcomponents/httpcore/4.4.16/httpcore-4.4.16.jar:/Users/rakib/.m2/repository/commons-codec/commons-codec/1.18.0/commons-codec-1.18.0.jar:/Users/rakib/.m2/repository/org/apache/httpcomponents/httpmime/4.5.14/httpmime-4.5.14.jar:/Users/rakib/.m2/repository/org/hamcrest/hamcrest/2.2/hamcrest-2.2.jar:/Users/rakib/.m2/repository/org/ccil/cowan/tagsoup/tagsoup/1.2.1/tagsoup-1.2.1.jar:/Users/rakib/.m2/repository/io/rest-assured/json-path/5.5.5/json-path-5.5.5.jar:/Users/rakib/.m2/repository/org/apache/groovy/groovy-json/4.0.22/groovy-json-4.0.22.jar:/Users/rakib/.m2/repository/io/rest-assured/rest-assured-common/5.5.5/rest-assured-common-5.5.5.jar:/Users/rakib/.m2/repository/io/rest-assured/xml-path/5.5.5/xml-path-5.5.5.jar:/Users/rakib/.m2/repository/org/apache/commons/commons-lang3/3.17.0/commons-lang3-3.17.0.jar:/Users/rakib/.m2/repository/io/quarkus/quarkus-test-h2/3.24.1/quarkus-test-h2-3.24.1.jar:"/>
    <property name="sun.cpu.endian" value="little"/>
    <property name="vertx.disableWebsockets" value="true"/>
    <property name="user.home" value="/Users/rakib"/>
    <property name="user.language" value="en"/>
    <property name="jboss.log-version" value="false"/>
    <property name="java.specification.vendor" value="Oracle Corporation"/>
    <property name="io.netty.allocator.maxOrder" value="3"/>
    <property name="java.version.date" value="2024-10-15"/>
    <property name="java.home" value="/Library/Java/JavaVirtualMachines/graalvm-23.jdk/Contents/Home"/>
    <property name="file.separator" value="/"/>
    <property name="basedir" value="/Users/rakib/Projects/code-with-quarkus"/>
    <property name="java.vm.compressedOopsMode" value="Zero based"/>
    <property name="jdk.internal.vm.ci.enabled" value="true"/>
    <property name="line.separator" value="&#10;"/>
    <property name="java.vm.specification.vendor" value="Oracle Corporation"/>
    <property name="java.specification.name" value="Java Platform API Specification"/>
    <property name="io.netty.allocator.disableCacheFinalizersForFastThreadLocalThreads" value="true"/>
    <property name="apple.awt.application.name" value="ForkedBooter"/>
    <property name="surefire.real.class.path" value="/Users/rakib/Projects/code-with-quarkus/target/surefire/surefirebooter-20250702142653123_3.jar"/>
    <property name="sun.management.compiler" value="HotSpot 64-Bit Tiered Compilers"/>
    <property name="ftp.nonProxyHosts" value="local|*.local|169.254/16|*.169.254/16"/>
    <property name="java.runtime.version" value="23.0.1+11-jvmci-b01"/>
    <property name="user.name" value="rakib"/>
    <property name="stdout.encoding" value="UTF-8"/>
    <property name="path.separator" value=":"/>
    <property name="smallrye.graphql.tracing.enabled" value="false"/>
    <property name="os.version" value="15.5"/>
    <property name="java.runtime.name" value="Java(TM) SE Runtime Environment"/>
    <property name="file.encoding" value="UTF-8"/>
    <property name="java.vm.name" value="Java HotSpot(TM) 64-Bit Server VM"/>
    <property name="java.vendor.version" value="Oracle GraalVM 23.0.1+11.1"/>
    <property name="smallrye.graphql.metrics.enabled" value="false"/>
    <property name="localRepository" value="/Users/rakib/.m2/repository"/>
    <property name="java.vendor.url.bug" value="https://bugreport.java.com/bugreport/"/>
    <property name="java.io.tmpdir" value="/var/folders/1c/ywjdjvqs1bq_wsnfynpj840c0000gn/T/"/>
    <property name="smallrye.graphql.events.enabled" value="false"/>
    <property name="quarkus.log.file.path" value="target/quarkus.log"/>
    <property name="java.version" value="23.0.1"/>
    <property name="java.util.concurrent.ForkJoinPool.common.threadFactory" value="io.quarkus.bootstrap.forkjoin.QuarkusForkJoinWorkerThreadFactory"/>
    <property name="user.dir" value="/Users/rakib/Projects/code-with-quarkus"/>
    <property name="os.arch" value="aarch64"/>
    <property name="smallrye.graphql.printDataFetcherException" value="true"/>
    <property name="java.vm.specification.name" value="Java Virtual Machine Specification"/>
    <property name="vertx.disableDnsResolver" value="true"/>
    <property name="native.encoding" value="UTF-8"/>
    <property name="java.util.logging.manager" value="org.jboss.logmanager.LogManager"/>
    <property name="java.library.path" value="/Users/rakib/Library/Java/Extensions:/Library/Java/Extensions:/Network/Library/Java/Extensions:/System/Library/Java/Extensions:/usr/lib/java:."/>
    <property name="jdk.console" value="java.base"/>
    <property name="java.vm.info" value="mixed mode, sharing"/>
    <property name="stderr.encoding" value="UTF-8"/>
    <property name="java.vendor" value="Oracle Corporation"/>
    <property name="vertx.disableTCCL" value="true"/>
    <property name="smallrye.graphql.federation.enabled" value="false"/>
    <property name="java.vm.version" value="23.0.1+11-jvmci-b01"/>
    <property name="vertx.logger-delegate-factory-class-name" value="io.quarkus.vertx.core.runtime.VertxLogDelegateFactory"/>
    <property name="sun.io.unicode.encoding" value="UnicodeBig"/>
    <property name="io.netty.machineId" value="86:80:1e:e3:84:c8:ab:30"/>
    <property name="socksNonProxyHosts" value="local|*.local|169.254/16|*.169.254/16"/>
    <property name="java.class.version" value="67.0"/>
  </properties>
  <testcase name="testSearchFunctionality" classname="org.acme.EcommerceIntegrationTest" time="1.11">
    <failure message="1 expectation failed.&#10;JSON path data.searchProducts doesn&apos;t match.&#10;Expected: a collection with size &lt;1&gt;&#10;  Actual: null&#10;" type="java.lang.AssertionError"><![CDATA[java.lang.AssertionError: 
1 expectation failed.
JSON path data.searchProducts doesn't match.
Expected: a collection with size <1>
  Actual: null

	at java.base/jdk.internal.reflect.DirectConstructorHandleAccessor.newInstance(DirectConstructorHandleAccessor.java:62)
	at java.base/java.lang.reflect.Constructor.newInstanceWithCaller(Constructor.java:501)
	at java.base/java.lang.reflect.Constructor.newInstance(Constructor.java:485)
	at org.codehaus.groovy.reflection.CachedConstructor.invoke(CachedConstructor.java:73)
	at org.codehaus.groovy.runtime.callsite.ConstructorSite$ConstructorSiteNoUnwrapNoCoerce.callConstructor(ConstructorSite.java:108)
	at org.codehaus.groovy.runtime.callsite.CallSiteArray.defaultCallConstructor(CallSiteArray.java:57)
	at org.codehaus.groovy.runtime.callsite.AbstractCallSite.callConstructor(AbstractCallSite.java:263)
	at org.codehaus.groovy.runtime.callsite.AbstractCallSite.callConstructor(AbstractCallSite.java:277)
	at io.restassured.internal.ResponseSpecificationImpl$HamcrestAssertionClosure.validate(ResponseSpecificationImpl.groovy:512)
	at io.restassured.internal.ResponseSpecificationImpl$HamcrestAssertionClosure$validate$1.call(Unknown Source)
	at io.restassured.internal.ResponseSpecificationImpl.validateResponseIfRequired(ResponseSpecificationImpl.groovy:696)
	at io.restassured.internal.ResponseSpecificationImpl.this$2$validateResponseIfRequired(ResponseSpecificationImpl.groovy)
	at java.base/jdk.internal.reflect.DirectMethodHandleAccessor.invoke(DirectMethodHandleAccessor.java:103)
	at java.base/java.lang.reflect.Method.invoke(Method.java:580)
	at org.codehaus.groovy.runtime.callsite.PlainObjectMetaMethodSite.doInvoke(PlainObjectMetaMethodSite.java:43)
	at org.codehaus.groovy.runtime.callsite.PogoMetaMethodSite$PogoCachedMethodSiteNoUnwrapNoCoerce.invoke(PogoMetaMethodSite.java:198)
	at org.codehaus.groovy.runtime.callsite.PogoMetaMethodSite.callCurrent(PogoMetaMethodSite.java:62)
	at org.codehaus.groovy.runtime.callsite.CallSiteArray.defaultCallCurrent(CallSiteArray.java:49)
	at org.codehaus.groovy.runtime.callsite.AbstractCallSite.callCurrent(AbstractCallSite.java:171)
	at org.codehaus.groovy.runtime.callsite.AbstractCallSite.callCurrent(AbstractCallSite.java:185)
	at io.restassured.internal.ResponseSpecificationImpl.body(ResponseSpecificationImpl.groovy:270)
	at io.restassured.specification.ResponseSpecification$body$2.callCurrent(Unknown Source)
	at org.codehaus.groovy.runtime.callsite.CallSiteArray.defaultCallCurrent(CallSiteArray.java:49)
	at org.codehaus.groovy.runtime.callsite.AbstractCallSite.callCurrent(AbstractCallSite.java:171)
	at org.codehaus.groovy.runtime.callsite.AbstractCallSite.callCurrent(AbstractCallSite.java:212)
	at io.restassured.internal.ResponseSpecificationImpl.body(ResponseSpecificationImpl.groovy:117)
	at io.restassured.internal.ValidatableResponseOptionsImpl.body(ValidatableResponseOptionsImpl.java:244)
	at org.acme.EcommerceIntegrationTest.testSearchFunctionality(EcommerceIntegrationTest.java:421)
	at java.base/java.lang.reflect.Method.invoke(Method.java:580)
	at io.quarkus.test.junit.QuarkusTestExtension.runExtensionMethod(QuarkusTestExtension.java:1000)
	at io.quarkus.test.junit.QuarkusTestExtension.interceptTestMethod(QuarkusTestExtension.java:848)
	at java.base/java.util.ArrayList.forEach(ArrayList.java:1597)
	at java.base/java.util.ArrayList.forEach(ArrayList.java:1597)
	Suppressed: java.lang.IllegalArgumentException: No parameter labelled '?2' in query with ordinal parameters [1]
		at org.hibernate.query.internal.ParameterMetadataImpl.getQueryParameter(ParameterMetadataImpl.java:307)
		at org.hibernate.query.internal.QueryParameterBindingsImpl.getBinding(QueryParameterBindingsImpl.java:146)
		at org.hibernate.query.spi.AbstractCommonQueryContract.setParameter(AbstractCommonQueryContract.java:840)
		at org.hibernate.query.spi.AbstractSelectionQuery.setParameter(AbstractSelectionQuery.java:638)
		at org.hibernate.query.sqm.internal.SqmSelectionQueryImpl.setParameter(SqmSelectionQueryImpl.java:741)
		at org.hibernate.query.sqm.internal.SqmSelectionQueryImpl.setParameter(SqmSelectionQueryImpl.java:92)
		at io.quarkus.hibernate.orm.panache.common.runtime.AbstractJpaOperations.bindParameters(AbstractJpaOperations.java:157)
		at io.quarkus.hibernate.orm.panache.common.runtime.CommonPanacheQueryImpl.createBaseQuery(CommonPanacheQueryImpl.java:394)
		at io.quarkus.hibernate.orm.panache.common.runtime.CommonPanacheQueryImpl.createQuery(CommonPanacheQueryImpl.java:346)
		at io.quarkus.hibernate.orm.panache.common.runtime.CommonPanacheQueryImpl.list(CommonPanacheQueryImpl.java:299)
		at io.quarkus.hibernate.orm.panache.runtime.PanacheQueryImpl.list(PanacheQueryImpl.java:150)
		at org.acme.repository.ProductRepository.findByNameContaining(ProductRepository.java:110)
		at org.acme.repository.ProductRepository_ClientProxy.findByNameContaining(Unknown Source)
		at org.acme.service.ProductService.searchProductsByName(ProductService.java:164)
		at org.acme.service.ProductService_Subclass.searchProductsByName$$superforward(Unknown Source)
		at org.acme.service.ProductService_Subclass$$function$$7.apply(Unknown Source)
		at io.quarkus.arc.impl.AroundInvokeInvocationContext.proceed(AroundInvokeInvocationContext.java:73)
		at io.quarkus.arc.impl.AroundInvokeInvocationContext.proceed(AroundInvokeInvocationContext.java:62)
		at io.quarkus.hibernate.validator.runtime.interceptor.AbstractMethodValidationInterceptor.validateMethodInvocation(AbstractMethodValidationInterceptor.java:71)
		at io.quarkus.hibernate.validator.runtime.interceptor.MethodValidationInterceptor.validateMethodInvocation(MethodValidationInterceptor.java:17)
		at io.quarkus.hibernate.validator.runtime.interceptor.MethodValidationInterceptor_Bean.intercept(Unknown Source)
		at io.quarkus.arc.impl.InterceptorInvocation.invoke(InterceptorInvocation.java:42)
		at io.quarkus.arc.impl.AroundInvokeInvocationContext.perform(AroundInvokeInvocationContext.java:30)
		at io.quarkus.arc.impl.InvocationContexts.performAroundInvoke(InvocationContexts.java:27)
		at org.acme.service.ProductService_Subclass.searchProductsByName(Unknown Source)
		at org.acme.service.ProductService_ClientProxy.searchProductsByName(Unknown Source)
		at org.acme.graphql.ProductGraphQLResource.searchProducts(ProductGraphQLResource.java:106)
		at java.base/java.lang.reflect.Method.invoke(Method.java:580)
		at io.smallrye.graphql.execution.datafetcher.helper.ReflectionInvoker.invoke(ReflectionInvoker.java:97)
		at io.quarkus.smallrye.graphql.runtime.spi.datafetcher.QuarkusDefaultDataFetcher.lambda$invokeAndTransformBlocking$0(QuarkusDefaultDataFetcher.java:84)
		at io.smallrye.context.impl.wrappers.SlowContextualCallable.call(SlowContextualCallable.java:21)
		at io.vertx.core.impl.ContextImpl.lambda$executeBlocking$4(ContextImpl.java:192)
		at io.vertx.core.impl.ContextInternal.dispatch(ContextInternal.java:270)
		at io.vertx.core.impl.ContextImpl$1.execute(ContextImpl.java:221)
		at io.vertx.core.impl.WorkerTask.run(WorkerTask.java:56)
		at io.vertx.core.impl.TaskQueue.run(TaskQueue.java:81)
		at io.quarkus.vertx.core.runtime.VertxCoreRecorder$15.runWith(VertxCoreRecorder.java:637)
		at org.jboss.threads.EnhancedQueueExecutor$Task.doRunWith(EnhancedQueueExecutor.java:2651)
		at org.jboss.threads.EnhancedQueueExecutor$Task.run(EnhancedQueueExecutor.java:2630)
		at org.jboss.threads.EnhancedQueueExecutor.runThreadBody(EnhancedQueueExecutor.java:1622)
		at org.jboss.threads.EnhancedQueueExecutor$ThreadBody.run(EnhancedQueueExecutor.java:1589)
		at org.jboss.threads.DelegatingRunnable.run(DelegatingRunnable.java:11)
		at org.jboss.threads.ThreadLocalResettingRunnable.run(ThreadLocalResettingRunnable.java:11)
		at io.netty.util.concurrent.FastThreadLocalRunnable.run(FastThreadLocalRunnable.java:30)
		at java.base/java.lang.Thread.run(Thread.java:1575)
	Caused by: org.hibernate.query.UnknownParameterException: No parameter labelled '?2' in query with ordinal parameters [1]
		... 45 more
]]></failure>
    <system-out><![CDATA[2025-07-02 14:26:54,282 WARN  [io.qua.qui.dep.QuinoaProcessor] (build-36) Quinoa is disabled by default in tests.
2025-07-02 14:26:54,667 WARN  [io.qua.run.log.LoggingSetupRecorder] (build-24) Log level TRACE for category 'org.hibernate.type.descriptor.sql.BasicBinder' set below minimum logging level DEBUG, promoting it to DEBUG. Set the build time configuration property 'quarkus.log.category."org.hibernate.type.descriptor.sql.BasicBinder".min-level' to 'TRACE' to avoid this warning
2025-07-02 14:26:55,333 WARN  [io.qua.run.log.LoggingSetupRecorder] (main) Log level TRACE for category 'org.hibernate.type.descriptor.sql.BasicBinder' set below minimum logging level DEBUG, promoting it to DEBUG. Set the build time configuration property 'quarkus.log.category."org.hibernate.type.descriptor.sql.BasicBinder".min-level' to 'TRACE' to avoid this warning
2025-07-02 14:26:55,940 WARN  [io.qua.config] (main) Unrecognized configuration key "quarkus.jsonb.property-naming-strategy" was provided; it will be ignored; verify that the dependency extension for this configuration is set or that you did not make a typo
2025-07-02 14:26:55,941 WARN  [io.qua.config] (main) Unrecognized configuration key "quarkus.swagger-ui.always-include" was provided; it will be ignored; verify that the dependency extension for this configuration is set or that you did not make a typo
2025-07-02 14:26:55,941 WARN  [io.qua.config] (main) Unrecognized configuration key "quarkus.smallrye-graphql.print-data-fetcher-results" was provided; it will be ignored; verify that the dependency extension for this configuration is set or that you did not make a typo
2025-07-02 14:26:55,941 WARN  [io.qua.config] (main) Unrecognized configuration key "quarkus.dev.ui.enabled" was provided; it will be ignored; verify that the dependency extension for this configuration is set or that you did not make a typo
2025-07-02 14:26:56,001 WARN  [io.qua.run.log.LoggingSetupRecorder] (main) Log level TRACE for category 'org.hibernate.type.descriptor.sql.BasicBinder' set below minimum logging level DEBUG, promoting it to DEBUG. Set the build time configuration property 'quarkus.log.category."org.hibernate.type.descriptor.sql.BasicBinder".min-level' to 'TRACE' to avoid this warning
2025-07-02 14:26:56,283 DEBUG [org.hib.SQL] (JPA Startup Thread) create global temporary table HTE_products(active boolean, compare_at_price numeric(12,2), featured boolean, low_stock_threshold integer, price numeric(12,2), rn_ integer not null, stock_quantity integer, track_inventory boolean, weight numeric(11,3), brand_id bigint, category_id bigint, created_at timestamp(6), id bigint, updated_at timestamp(6), weight_unit varchar(50), sku varchar(100), slug varchar(100), name varchar(200), description varchar(2000), primary key (rn_)) TRANSACTIONAL
2025-07-02 14:26:56,289 DEBUG [org.hib.SQL] (JPA Startup Thread) create global temporary table HTE_categories(active boolean, rn_ integer not null, sort_order integer, created_at timestamp(6), id bigint, parent_id bigint, updated_at timestamp(6), name varchar(100), slug varchar(100), description varchar(500), image_url varchar(255), primary key (rn_)) TRANSACTIONAL
2025-07-02 14:26:56,290 DEBUG [org.hib.SQL] (JPA Startup Thread) create global temporary table HTE_brands(active boolean, rn_ integer not null, created_at timestamp(6), id bigint, updated_at timestamp(6), name varchar(100), description varchar(500), logo_url varchar(255), website_url varchar(255), primary key (rn_)) TRANSACTIONAL
2025-07-02 14:26:56,356 DEBUG [org.hib.SQL] (JPA Startup Thread) drop table if exists brands cascade 
2025-07-02 14:26:56,357 DEBUG [org.hib.SQL] (JPA Startup Thread) drop table if exists categories cascade 
2025-07-02 14:26:56,357 DEBUG [org.hib.SQL] (JPA Startup Thread) drop table if exists product_images cascade 
2025-07-02 14:26:56,357 DEBUG [org.hib.SQL] (JPA Startup Thread) drop table if exists product_tags cascade 
2025-07-02 14:26:56,358 DEBUG [org.hib.SQL] (JPA Startup Thread) drop table if exists products cascade 
2025-07-02 14:26:56,358 DEBUG [org.hib.SQL] (JPA Startup Thread) drop sequence if exists brands_SEQ
2025-07-02 14:26:56,358 DEBUG [org.hib.SQL] (JPA Startup Thread) drop sequence if exists categories_SEQ
2025-07-02 14:26:56,358 DEBUG [org.hib.SQL] (JPA Startup Thread) drop sequence if exists products_SEQ
2025-07-02 14:26:56,360 DEBUG [org.hib.SQL] (JPA Startup Thread) create sequence brands_SEQ start with 1 increment by 50
2025-07-02 14:26:56,361 DEBUG [org.hib.SQL] (JPA Startup Thread) create sequence categories_SEQ start with 1 increment by 50
2025-07-02 14:26:56,361 DEBUG [org.hib.SQL] (JPA Startup Thread) create sequence products_SEQ start with 1 increment by 50
2025-07-02 14:26:56,362 DEBUG [org.hib.SQL] (JPA Startup Thread) create table brands (active boolean not null, created_at timestamp(6) not null, id bigint not null, updated_at timestamp(6) not null, name varchar(100) not null unique, description varchar(500), logo_url varchar(255), website_url varchar(255), primary key (id))
2025-07-02 14:26:56,363 DEBUG [org.hib.SQL] (JPA Startup Thread) create table categories (active boolean not null, sort_order integer, created_at timestamp(6) not null, id bigint not null, parent_id bigint, updated_at timestamp(6) not null, name varchar(100) not null, slug varchar(100) unique, description varchar(500), image_url varchar(255), primary key (id))
2025-07-02 14:26:56,364 DEBUG [org.hib.SQL] (JPA Startup Thread) create table product_images (product_id bigint not null, image_url varchar(255))
2025-07-02 14:26:56,364 DEBUG [org.hib.SQL] (JPA Startup Thread) create table product_tags (product_id bigint not null, tag varchar(255))
2025-07-02 14:26:56,365 DEBUG [org.hib.SQL] (JPA Startup Thread) create table products (active boolean not null, compare_at_price numeric(12,2), featured boolean not null, low_stock_threshold integer check (low_stock_threshold>=0), price numeric(12,2) not null, stock_quantity integer not null check (stock_quantity>=0), track_inventory boolean not null, weight numeric(11,3), brand_id bigint, category_id bigint, created_at timestamp(6) not null, id bigint not null, updated_at timestamp(6) not null, weight_unit varchar(50), sku varchar(100) unique, slug varchar(100) unique, name varchar(200) not null, description varchar(2000), primary key (id))
2025-07-02 14:26:56,367 DEBUG [org.hib.SQL] (JPA Startup Thread) alter table if exists categories add constraint FKsaok720gsu4u2wrgbk10b5n8d foreign key (parent_id) references categories
2025-07-02 14:26:56,371 DEBUG [org.hib.SQL] (JPA Startup Thread) alter table if exists product_images add constraint FKqnq71xsohugpqwf3c9gxmsuy foreign key (product_id) references products
2025-07-02 14:26:56,372 DEBUG [org.hib.SQL] (JPA Startup Thread) alter table if exists product_tags add constraint FK5rk6s19k3risy7q7wqdr41uss foreign key (product_id) references products
2025-07-02 14:26:56,372 DEBUG [org.hib.SQL] (JPA Startup Thread) alter table if exists products add constraint FKa3a4mpsfdf4d2y6r8ra3sc8mv foreign key (brand_id) references brands
2025-07-02 14:26:56,374 DEBUG [org.hib.SQL] (JPA Startup Thread) alter table if exists products add constraint FKog2rp4qthbtt2lfyhfo32lsw9 foreign key (category_id) references categories
2025-07-02 14:26:56,391 DEBUG [org.hib.SQL] (JPA Startup Thread) INSERT INTO brands (id, name, description, active, created_at, updated_at) VALUES  (1, 'Test Brand 1', 'Test brand description 1', true, CURRENT_TIMESTAMP, CURRENT_TIMESTAMP), (2, 'Test Brand 2', 'Test brand description 2', true, CURRENT_TIMESTAMP, CURRENT_TIMESTAMP)
2025-07-02 14:26:56,392 DEBUG [org.hib.SQL] (JPA Startup Thread) INSERT INTO categories (id, name, description, slug, active, sort_order, parent_id, created_at, updated_at) VALUES  (1, 'Test Category 1', 'Test category description 1', 'test-category-1', true, 1, null, CURRENT_TIMESTAMP, CURRENT_TIMESTAMP), (2, 'Test Category 2', 'Test category description 2', 'test-category-2', true, 2, null, CURRENT_TIMESTAMP, CURRENT_TIMESTAMP), (3, 'Test Subcategory 1', 'Test subcategory description 1', 'test-subcategory-1', true, 1, 1, CURRENT_TIMESTAMP, CURRENT_TIMESTAMP)
2025-07-02 14:26:56,393 DEBUG [org.hib.SQL] (JPA Startup Thread) INSERT INTO products (id, name, description, sku, slug, price, stock_quantity, active, featured, track_inventory, brand_id, category_id, created_at, updated_at) VALUES  (1, 'Test Product 1', 'Test product description 1', 'TEST-PROD-1', 'test-product-1', 99.99, 10, true, true, true, 1, 1, CURRENT_TIMESTAMP, CURRENT_TIMESTAMP), (2, 'Test Product 2', 'Test product description 2', 'TEST-PROD-2', 'test-product-2', 149.99, 5, true, false, true, 2, 2, CURRENT_TIMESTAMP, CURRENT_TIMESTAMP)
2025-07-02 14:26:56,393 DEBUG [org.hib.SQL] (JPA Startup Thread) ALTER SEQUENCE brands_seq RESTART WITH 3
2025-07-02 14:26:56,394 DEBUG [org.hib.SQL] (JPA Startup Thread) ALTER SEQUENCE categories_seq RESTART WITH 4
2025-07-02 14:26:56,394 DEBUG [org.hib.SQL] (JPA Startup Thread) ALTER SEQUENCE products_seq RESTART WITH 3
2025-07-02 14:26:56,742 DEBUG [org.hib.SQL] (main) delete from product_images to_delete_
2025-07-02 14:26:56,752 DEBUG [org.hib.SQL] (main) delete from product_tags to_delete_
2025-07-02 14:26:56,753 DEBUG [org.hib.SQL] (main) delete from products p1_0
2025-07-02 14:26:56,753 DEBUG [org.hib.SQL] (main) delete from categories c1_0
2025-07-02 14:26:56,754 DEBUG [org.hib.SQL] (main) delete from brands b1_0
2025-07-02 14:26:56,852 DEBUG [org.hib.SQL] (main) select count(*) from brands b1_0 where lower(b1_0.name)=lower(?)
2025-07-02 14:26:56,853 TRACE [org.hib.orm.jdb.bind] (main) binding parameter (1:VARCHAR) <- [Test Brand]
2025-07-02 14:26:56,866 DEBUG [org.hib.SQL] (main) select next value for brands_SEQ
2025-07-02 14:26:56,876 DEBUG [org.hib.SQL] (main) select count(*) from categories c1_0 where c1_0.slug=?
2025-07-02 14:26:56,876 TRACE [org.hib.orm.jdb.bind] (main) binding parameter (1:VARCHAR) <- [test-category]
2025-07-02 14:26:56,877 DEBUG [org.hib.SQL] (main) select count(*) from categories c1_0 where lower(c1_0.name)=lower(?)
2025-07-02 14:26:56,877 TRACE [org.hib.orm.jdb.bind] (main) binding parameter (1:VARCHAR) <- [Test Category]
2025-07-02 14:26:56,878 DEBUG [org.hib.SQL] (main) select next value for categories_SEQ
2025-07-02 14:26:56,882 DEBUG [org.hib.SQL] (main) insert into brands (active,created_at,description,logo_url,name,updated_at,website_url,id) values (?,?,?,?,?,?,?,?)
2025-07-02 14:26:56,882 TRACE [org.hib.orm.jdb.bind] (main) binding parameter (1:BOOLEAN) <- [true]
2025-07-02 14:26:56,882 TRACE [org.hib.orm.jdb.bind] (main) binding parameter (2:TIMESTAMP) <- [2025-07-02T14:26:56.880105]
2025-07-02 14:26:56,883 TRACE [org.hib.orm.jdb.bind] (main) binding parameter (3:VARCHAR) <- [Test Brand Description]
2025-07-02 14:26:56,883 TRACE [org.hib.orm.jdb.bind] (main) binding parameter (4:VARCHAR) <- [null]
2025-07-02 14:26:56,883 TRACE [org.hib.orm.jdb.bind] (main) binding parameter (5:VARCHAR) <- [Test Brand]
2025-07-02 14:26:56,883 TRACE [org.hib.orm.jdb.bind] (main) binding parameter (6:TIMESTAMP) <- [2025-07-02T14:26:56.880127]
2025-07-02 14:26:56,883 TRACE [org.hib.orm.jdb.bind] (main) binding parameter (7:VARCHAR) <- [null]
2025-07-02 14:26:56,883 TRACE [org.hib.orm.jdb.bind] (main) binding parameter (8:BIGINT) <- [3]
2025-07-02 14:26:56,884 DEBUG [org.hib.SQL] (main) insert into categories (active,created_at,description,image_url,name,parent_id,slug,sort_order,updated_at,id) values (?,?,?,?,?,?,?,?,?,?)
2025-07-02 14:26:56,884 TRACE [org.hib.orm.jdb.bind] (main) binding parameter (1:BOOLEAN) <- [true]
2025-07-02 14:26:56,884 TRACE [org.hib.orm.jdb.bind] (main) binding parameter (2:TIMESTAMP) <- [2025-07-02T14:26:56.884299]
2025-07-02 14:26:56,884 TRACE [org.hib.orm.jdb.bind] (main) binding parameter (3:VARCHAR) <- [Test Category Description]
2025-07-02 14:26:56,884 TRACE [org.hib.orm.jdb.bind] (main) binding parameter (4:VARCHAR) <- [null]
2025-07-02 14:26:56,884 TRACE [org.hib.orm.jdb.bind] (main) binding parameter (5:VARCHAR) <- [Test Category]
2025-07-02 14:26:56,884 TRACE [org.hib.orm.jdb.bind] (main) binding parameter (6:BIGINT) <- [null]
2025-07-02 14:26:56,884 TRACE [org.hib.orm.jdb.bind] (main) binding parameter (7:VARCHAR) <- [test-category]
2025-07-02 14:26:56,884 TRACE [org.hib.orm.jdb.bind] (main) binding parameter (8:INTEGER) <- [0]
2025-07-02 14:26:56,884 TRACE [org.hib.orm.jdb.bind] (main) binding parameter (9:TIMESTAMP) <- [2025-07-02T14:26:56.884307]
2025-07-02 14:26:56,884 TRACE [org.hib.orm.jdb.bind] (main) binding parameter (10:BIGINT) <- [4]
2025-07-02 14:26:57,304 DEBUG [org.hib.SQL] (executor-thread-1) select count(*) from products p1_0 where p1_0.sku=?
2025-07-02 14:26:57,305 TRACE [org.hib.orm.jdb.bind] (executor-thread-1) binding parameter (1:VARCHAR) <- [IPHONE-15-PRO]
2025-07-02 14:26:57,307 DEBUG [org.hib.SQL] (executor-thread-1) select c1_0.id,c1_0.active,c1_0.created_at,c1_0.description,c1_0.image_url,c1_0.name,c1_0.parent_id,c1_0.slug,c1_0.sort_order,c1_0.updated_at from categories c1_0 where c1_0.id=?
2025-07-02 14:26:57,307 TRACE [org.hib.orm.jdb.bind] (executor-thread-1) binding parameter (1:BIGINT) <- [4]
2025-07-02 14:26:57,314 DEBUG [org.hib.SQL] (executor-thread-1) select b1_0.id,b1_0.active,b1_0.created_at,b1_0.description,b1_0.logo_url,b1_0.name,b1_0.updated_at,b1_0.website_url from brands b1_0 where b1_0.id=?
2025-07-02 14:26:57,314 TRACE [org.hib.orm.jdb.bind] (executor-thread-1) binding parameter (1:BIGINT) <- [3]
2025-07-02 14:26:57,315 DEBUG [org.hib.SQL] (executor-thread-1) select next value for products_SEQ
2025-07-02 14:26:57,317 DEBUG [org.hib.SQL] (executor-thread-1) insert into products (active,brand_id,category_id,compare_at_price,created_at,description,featured,low_stock_threshold,name,price,sku,slug,stock_quantity,track_inventory,updated_at,weight,weight_unit,id) values (?,?,?,?,?,?,?,?,?,?,?,?,?,?,?,?,?,?)
2025-07-02 14:26:57,317 TRACE [org.hib.orm.jdb.bind] (executor-thread-1) binding parameter (1:BOOLEAN) <- [true]
2025-07-02 14:26:57,317 TRACE [org.hib.orm.jdb.bind] (executor-thread-1) binding parameter (2:BIGINT) <- [3]
2025-07-02 14:26:57,317 TRACE [org.hib.orm.jdb.bind] (executor-thread-1) binding parameter (3:BIGINT) <- [4]
2025-07-02 14:26:57,317 TRACE [org.hib.orm.jdb.bind] (executor-thread-1) binding parameter (4:NUMERIC) <- [null]
2025-07-02 14:26:57,317 TRACE [org.hib.orm.jdb.bind] (executor-thread-1) binding parameter (5:TIMESTAMP) <- [2025-07-02T14:26:57.317416]
2025-07-02 14:26:57,317 TRACE [org.hib.orm.jdb.bind] (executor-thread-1) binding parameter (6:VARCHAR) <- [Latest iPhone model]
2025-07-02 14:26:57,318 TRACE [org.hib.orm.jdb.bind] (executor-thread-1) binding parameter (7:BOOLEAN) <- [false]
2025-07-02 14:26:57,318 TRACE [org.hib.orm.jdb.bind] (executor-thread-1) binding parameter (8:INTEGER) <- [5]
2025-07-02 14:26:57,318 TRACE [org.hib.orm.jdb.bind] (executor-thread-1) binding parameter (9:VARCHAR) <- [iPhone 15 Pro]
2025-07-02 14:26:57,318 TRACE [org.hib.orm.jdb.bind] (executor-thread-1) binding parameter (10:NUMERIC) <- [999.99]
2025-07-02 14:26:57,318 TRACE [org.hib.orm.jdb.bind] (executor-thread-1) binding parameter (11:VARCHAR) <- [IPHONE-15-PRO]
2025-07-02 14:26:57,318 TRACE [org.hib.orm.jdb.bind] (executor-thread-1) binding parameter (12:VARCHAR) <- [iphone-15-pro]
2025-07-02 14:26:57,318 TRACE [org.hib.orm.jdb.bind] (executor-thread-1) binding parameter (13:INTEGER) <- [0]
2025-07-02 14:26:57,318 TRACE [org.hib.orm.jdb.bind] (executor-thread-1) binding parameter (14:BOOLEAN) <- [true]
2025-07-02 14:26:57,318 TRACE [org.hib.orm.jdb.bind] (executor-thread-1) binding parameter (15:TIMESTAMP) <- [2025-07-02T14:26:57.317424]
2025-07-02 14:26:57,318 TRACE [org.hib.orm.jdb.bind] (executor-thread-1) binding parameter (16:NUMERIC) <- [null]
2025-07-02 14:26:57,318 TRACE [org.hib.orm.jdb.bind] (executor-thread-1) binding parameter (17:VARCHAR) <- [kg]
2025-07-02 14:26:57,319 TRACE [org.hib.orm.jdb.bind] (executor-thread-1) binding parameter (18:BIGINT) <- [3]
2025-07-02 14:26:57,351 DEBUG [org.hib.SQL] (executor-thread-1) select count(*) from products p1_0 where p1_0.sku=?
2025-07-02 14:26:57,351 TRACE [org.hib.orm.jdb.bind] (executor-thread-1) binding parameter (1:VARCHAR) <- [GALAXY-S24]
2025-07-02 14:26:57,351 DEBUG [org.hib.SQL] (executor-thread-1) select c1_0.id,c1_0.active,c1_0.created_at,c1_0.description,c1_0.image_url,c1_0.name,c1_0.parent_id,c1_0.slug,c1_0.sort_order,c1_0.updated_at from categories c1_0 where c1_0.id=?
2025-07-02 14:26:57,351 TRACE [org.hib.orm.jdb.bind] (executor-thread-1) binding parameter (1:BIGINT) <- [4]
2025-07-02 14:26:57,352 DEBUG [org.hib.SQL] (executor-thread-1) select b1_0.id,b1_0.active,b1_0.created_at,b1_0.description,b1_0.logo_url,b1_0.name,b1_0.updated_at,b1_0.website_url from brands b1_0 where b1_0.id=?
2025-07-02 14:26:57,352 TRACE [org.hib.orm.jdb.bind] (executor-thread-1) binding parameter (1:BIGINT) <- [3]
2025-07-02 14:26:57,354 DEBUG [org.hib.SQL] (executor-thread-1) insert into products (active,brand_id,category_id,compare_at_price,created_at,description,featured,low_stock_threshold,name,price,sku,slug,stock_quantity,track_inventory,updated_at,weight,weight_unit,id) values (?,?,?,?,?,?,?,?,?,?,?,?,?,?,?,?,?,?)
2025-07-02 14:26:57,354 TRACE [org.hib.orm.jdb.bind] (executor-thread-1) binding parameter (1:BOOLEAN) <- [true]
2025-07-02 14:26:57,354 TRACE [org.hib.orm.jdb.bind] (executor-thread-1) binding parameter (2:BIGINT) <- [3]
2025-07-02 14:26:57,354 TRACE [org.hib.orm.jdb.bind] (executor-thread-1) binding parameter (3:BIGINT) <- [4]
2025-07-02 14:26:57,354 TRACE [org.hib.orm.jdb.bind] (executor-thread-1) binding parameter (4:NUMERIC) <- [null]
2025-07-02 14:26:57,354 TRACE [org.hib.orm.jdb.bind] (executor-thread-1) binding parameter (5:TIMESTAMP) <- [2025-07-02T14:26:57.354146]
2025-07-02 14:26:57,354 TRACE [org.hib.orm.jdb.bind] (executor-thread-1) binding parameter (6:VARCHAR) <- [Latest Samsung phone]
2025-07-02 14:26:57,354 TRACE [org.hib.orm.jdb.bind] (executor-thread-1) binding parameter (7:BOOLEAN) <- [false]
2025-07-02 14:26:57,354 TRACE [org.hib.orm.jdb.bind] (executor-thread-1) binding parameter (8:INTEGER) <- [5]
2025-07-02 14:26:57,354 TRACE [org.hib.orm.jdb.bind] (executor-thread-1) binding parameter (9:VARCHAR) <- [Samsung Galaxy S24]
2025-07-02 14:26:57,354 TRACE [org.hib.orm.jdb.bind] (executor-thread-1) binding parameter (10:NUMERIC) <- [899.99]
2025-07-02 14:26:57,354 TRACE [org.hib.orm.jdb.bind] (executor-thread-1) binding parameter (11:VARCHAR) <- [GALAXY-S24]
2025-07-02 14:26:57,354 TRACE [org.hib.orm.jdb.bind] (executor-thread-1) binding parameter (12:VARCHAR) <- [samsung-galaxy-s24]
2025-07-02 14:26:57,354 TRACE [org.hib.orm.jdb.bind] (executor-thread-1) binding parameter (13:INTEGER) <- [0]
2025-07-02 14:26:57,354 TRACE [org.hib.orm.jdb.bind] (executor-thread-1) binding parameter (14:BOOLEAN) <- [true]
2025-07-02 14:26:57,354 TRACE [org.hib.orm.jdb.bind] (executor-thread-1) binding parameter (15:TIMESTAMP) <- [2025-07-02T14:26:57.354152]
2025-07-02 14:26:57,354 TRACE [org.hib.orm.jdb.bind] (executor-thread-1) binding parameter (16:NUMERIC) <- [null]
2025-07-02 14:26:57,354 TRACE [org.hib.orm.jdb.bind] (executor-thread-1) binding parameter (17:VARCHAR) <- [kg]
2025-07-02 14:26:57,354 TRACE [org.hib.orm.jdb.bind] (executor-thread-1) binding parameter (18:BIGINT) <- [4]
2025-07-02 14:26:57,385 ERROR [io.sma.graphql] (vert.x-eventloop-thread-0) SRGQL012000: Data Fetching Error: java.lang.IllegalArgumentException: No parameter labelled '?2' in query with ordinal parameters [1]
	at org.hibernate.query.internal.ParameterMetadataImpl.getQueryParameter(ParameterMetadataImpl.java:307)
	at org.hibernate.query.internal.QueryParameterBindingsImpl.getBinding(QueryParameterBindingsImpl.java:146)
	at org.hibernate.query.spi.AbstractCommonQueryContract.setParameter(AbstractCommonQueryContract.java:840)
	at org.hibernate.query.spi.AbstractSelectionQuery.setParameter(AbstractSelectionQuery.java:638)
	at org.hibernate.query.sqm.internal.SqmSelectionQueryImpl.setParameter(SqmSelectionQueryImpl.java:741)
	at org.hibernate.query.sqm.internal.SqmSelectionQueryImpl.setParameter(SqmSelectionQueryImpl.java:92)
	at io.quarkus.hibernate.orm.panache.common.runtime.AbstractJpaOperations.bindParameters(AbstractJpaOperations.java:157)
	at io.quarkus.hibernate.orm.panache.common.runtime.CommonPanacheQueryImpl.createBaseQuery(CommonPanacheQueryImpl.java:394)
	at io.quarkus.hibernate.orm.panache.common.runtime.CommonPanacheQueryImpl.createQuery(CommonPanacheQueryImpl.java:346)
	at io.quarkus.hibernate.orm.panache.common.runtime.CommonPanacheQueryImpl.list(CommonPanacheQueryImpl.java:299)
	at io.quarkus.hibernate.orm.panache.runtime.PanacheQueryImpl.list(PanacheQueryImpl.java:150)
	at org.acme.repository.ProductRepository.findByNameContaining(ProductRepository.java:110)
	at org.acme.repository.ProductRepository_ClientProxy.findByNameContaining(Unknown Source)
	at org.acme.service.ProductService.searchProductsByName(ProductService.java:164)
	at org.acme.service.ProductService_Subclass.searchProductsByName$$superforward(Unknown Source)
	at org.acme.service.ProductService_Subclass$$function$$7.apply(Unknown Source)
	at io.quarkus.arc.impl.AroundInvokeInvocationContext.proceed(AroundInvokeInvocationContext.java:73)
	at io.quarkus.arc.impl.AroundInvokeInvocationContext.proceed(AroundInvokeInvocationContext.java:62)
	at io.quarkus.hibernate.validator.runtime.interceptor.AbstractMethodValidationInterceptor.validateMethodInvocation(AbstractMethodValidationInterceptor.java:71)
	at io.quarkus.hibernate.validator.runtime.interceptor.MethodValidationInterceptor.validateMethodInvocation(MethodValidationInterceptor.java:17)
	at io.quarkus.hibernate.validator.runtime.interceptor.MethodValidationInterceptor_Bean.intercept(Unknown Source)
	at io.quarkus.arc.impl.InterceptorInvocation.invoke(InterceptorInvocation.java:42)
	at io.quarkus.arc.impl.AroundInvokeInvocationContext.perform(AroundInvokeInvocationContext.java:30)
	at io.quarkus.arc.impl.InvocationContexts.performAroundInvoke(InvocationContexts.java:27)
	at org.acme.service.ProductService_Subclass.searchProductsByName(Unknown Source)
	at org.acme.service.ProductService_ClientProxy.searchProductsByName(Unknown Source)
	at org.acme.graphql.ProductGraphQLResource.searchProducts(ProductGraphQLResource.java:106)
	at java.base/jdk.internal.reflect.DirectMethodHandleAccessor.invoke(DirectMethodHandleAccessor.java:103)
	at java.base/java.lang.reflect.Method.invoke(Method.java:580)
	at io.smallrye.graphql.execution.datafetcher.helper.ReflectionInvoker.invoke(ReflectionInvoker.java:97)
	at io.quarkus.smallrye.graphql.runtime.spi.datafetcher.QuarkusDefaultDataFetcher.lambda$invokeAndTransformBlocking$0(QuarkusDefaultDataFetcher.java:84)
	at io.smallrye.context.impl.wrappers.SlowContextualCallable.call(SlowContextualCallable.java:21)
	at io.vertx.core.impl.ContextImpl.lambda$executeBlocking$4(ContextImpl.java:192)
	at io.vertx.core.impl.ContextInternal.dispatch(ContextInternal.java:270)
	at io.vertx.core.impl.ContextImpl$1.execute(ContextImpl.java:221)
	at io.vertx.core.impl.WorkerTask.run(WorkerTask.java:56)
	at io.vertx.core.impl.TaskQueue.run(TaskQueue.java:81)
	at io.quarkus.vertx.core.runtime.VertxCoreRecorder$15.runWith(VertxCoreRecorder.java:637)
	at org.jboss.threads.EnhancedQueueExecutor$Task.doRunWith(EnhancedQueueExecutor.java:2651)
	at org.jboss.threads.EnhancedQueueExecutor$Task.run(EnhancedQueueExecutor.java:2630)
	at org.jboss.threads.EnhancedQueueExecutor.runThreadBody(EnhancedQueueExecutor.java:1622)
	at org.jboss.threads.EnhancedQueueExecutor$ThreadBody.run(EnhancedQueueExecutor.java:1589)
	at org.jboss.threads.DelegatingRunnable.run(DelegatingRunnable.java:11)
	at org.jboss.threads.ThreadLocalResettingRunnable.run(ThreadLocalResettingRunnable.java:11)
	at io.netty.util.concurrent.FastThreadLocalRunnable.run(FastThreadLocalRunnable.java:30)
	at java.base/java.lang.Thread.run(Thread.java:1575)
Caused by: org.hibernate.query.UnknownParameterException: No parameter labelled '?2' in query with ordinal parameters [1]
	... 46 more

Request method:	POST
Request URI:	http://localhost:8081/graphql
Proxy:			<none>
Request params:	<none>
Query params:	<none>
Form params:	<none>
Path params:	<none>
Headers:		Accept=*/*
				Content-Type=application/json
Cookies:		<none>
Multiparts:		<none>
Body:
{
    "query": "query {\n    searchProducts(namePattern: \"iPhone\") {\n        id\n        name\n    }\n}\n"
}

HTTP/1.1 200 OK
content-type: application/graphql-response+json; charset=UTF-8
content-length: 188

{
    "errors": [
        {
            "message": "System error",
            "locations": [
                {
                    "line": 2,
                    "column": 5
                }
            ],
            "path": [
                "searchProducts"
            ],
            "extensions": {
                "classification": "DataFetchingException"
            }
        }
    ],
    "data": {
        "searchProducts": null
    }
}
]]></system-out>
  </testcase>
  <testcase name="testServiceLayerIntegration" classname="org.acme.EcommerceIntegrationTest" time="0.023">
    <system-out><![CDATA[2025-07-02 14:26:57,581 DEBUG [org.hib.SQL] (main) delete from product_images to_delete_
2025-07-02 14:26:57,582 DEBUG [org.hib.SQL] (main) delete from product_tags to_delete_
2025-07-02 14:26:57,582 DEBUG [org.hib.SQL] (main) delete from products p1_0
2025-07-02 14:26:57,582 DEBUG [org.hib.SQL] (main) delete from categories c1_0
2025-07-02 14:26:57,582 DEBUG [org.hib.SQL] (main) delete from brands b1_0
2025-07-02 14:26:57,583 DEBUG [org.hib.SQL] (main) select count(*) from brands b1_0 where lower(b1_0.name)=lower(?)
2025-07-02 14:26:57,583 TRACE [org.hib.orm.jdb.bind] (main) binding parameter (1:VARCHAR) <- [Test Brand]
2025-07-02 14:26:57,584 DEBUG [org.hib.SQL] (main) select count(*) from categories c1_0 where c1_0.slug=?
2025-07-02 14:26:57,584 TRACE [org.hib.orm.jdb.bind] (main) binding parameter (1:VARCHAR) <- [test-category]
2025-07-02 14:26:57,585 DEBUG [org.hib.SQL] (main) select count(*) from categories c1_0 where lower(c1_0.name)=lower(?)
2025-07-02 14:26:57,585 TRACE [org.hib.orm.jdb.bind] (main) binding parameter (1:VARCHAR) <- [Test Category]
2025-07-02 14:26:57,585 DEBUG [org.hib.SQL] (main) insert into brands (active,created_at,description,logo_url,name,updated_at,website_url,id) values (?,?,?,?,?,?,?,?)
2025-07-02 14:26:57,586 TRACE [org.hib.orm.jdb.bind] (main) binding parameter (1:BOOLEAN) <- [true]
2025-07-02 14:26:57,586 TRACE [org.hib.orm.jdb.bind] (main) binding parameter (2:TIMESTAMP) <- [2025-07-02T14:26:57.585834]
2025-07-02 14:26:57,586 TRACE [org.hib.orm.jdb.bind] (main) binding parameter (3:VARCHAR) <- [Test Brand Description]
2025-07-02 14:26:57,586 TRACE [org.hib.orm.jdb.bind] (main) binding parameter (4:VARCHAR) <- [null]
2025-07-02 14:26:57,586 TRACE [org.hib.orm.jdb.bind] (main) binding parameter (5:VARCHAR) <- [Test Brand]
2025-07-02 14:26:57,586 TRACE [org.hib.orm.jdb.bind] (main) binding parameter (6:TIMESTAMP) <- [2025-07-02T14:26:57.585841]
2025-07-02 14:26:57,586 TRACE [org.hib.orm.jdb.bind] (main) binding parameter (7:VARCHAR) <- [null]
2025-07-02 14:26:57,586 TRACE [org.hib.orm.jdb.bind] (main) binding parameter (8:BIGINT) <- [4]
2025-07-02 14:26:57,587 DEBUG [org.hib.SQL] (main) insert into categories (active,created_at,description,image_url,name,parent_id,slug,sort_order,updated_at,id) values (?,?,?,?,?,?,?,?,?,?)
2025-07-02 14:26:57,587 TRACE [org.hib.orm.jdb.bind] (main) binding parameter (1:BOOLEAN) <- [true]
2025-07-02 14:26:57,587 TRACE [org.hib.orm.jdb.bind] (main) binding parameter (2:TIMESTAMP) <- [2025-07-02T14:26:57.587160]
2025-07-02 14:26:57,587 TRACE [org.hib.orm.jdb.bind] (main) binding parameter (3:VARCHAR) <- [Test Category Description]
2025-07-02 14:26:57,587 TRACE [org.hib.orm.jdb.bind] (main) binding parameter (4:VARCHAR) <- [null]
2025-07-02 14:26:57,587 TRACE [org.hib.orm.jdb.bind] (main) binding parameter (5:VARCHAR) <- [Test Category]
2025-07-02 14:26:57,587 TRACE [org.hib.orm.jdb.bind] (main) binding parameter (6:BIGINT) <- [null]
2025-07-02 14:26:57,587 TRACE [org.hib.orm.jdb.bind] (main) binding parameter (7:VARCHAR) <- [test-category]
2025-07-02 14:26:57,587 TRACE [org.hib.orm.jdb.bind] (main) binding parameter (8:INTEGER) <- [0]
2025-07-02 14:26:57,587 TRACE [org.hib.orm.jdb.bind] (main) binding parameter (9:TIMESTAMP) <- [2025-07-02T14:26:57.587205]
2025-07-02 14:26:57,588 TRACE [org.hib.orm.jdb.bind] (main) binding parameter (10:BIGINT) <- [5]
2025-07-02 14:26:57,589 DEBUG [org.hib.SQL] (main) select count(*) from brands b1_0 where lower(b1_0.name)=lower(?)
2025-07-02 14:26:57,589 TRACE [org.hib.orm.jdb.bind] (main) binding parameter (1:VARCHAR) <- [Service Brand]
2025-07-02 14:26:57,590 DEBUG [org.hib.SQL] (main) select count(*) from categories c1_0 where c1_0.slug=?
2025-07-02 14:26:57,590 TRACE [org.hib.orm.jdb.bind] (main) binding parameter (1:VARCHAR) <- [service-category]
2025-07-02 14:26:57,590 DEBUG [org.hib.SQL] (main) select count(*) from categories c1_0 where lower(c1_0.name)=lower(?)
2025-07-02 14:26:57,590 TRACE [org.hib.orm.jdb.bind] (main) binding parameter (1:VARCHAR) <- [Service Category]
2025-07-02 14:26:57,591 DEBUG [org.hib.SQL] (main) select count(*) from products p1_0 where p1_0.slug=?
2025-07-02 14:26:57,592 TRACE [org.hib.orm.jdb.bind] (main) binding parameter (1:VARCHAR) <- [service-product]
2025-07-02 14:26:57,592 DEBUG [org.hib.SQL] (main) select count(*) from products p1_0 where p1_0.sku=?
2025-07-02 14:26:57,593 TRACE [org.hib.orm.jdb.bind] (main) binding parameter (1:VARCHAR) <- [SERVICE-PROD-001]
2025-07-02 14:26:57,597 DEBUG [org.hib.SQL] (main) insert into brands (active,created_at,description,logo_url,name,updated_at,website_url,id) values (?,?,?,?,?,?,?,?)
2025-07-02 14:26:57,597 TRACE [org.hib.orm.jdb.bind] (main) binding parameter (1:BOOLEAN) <- [true]
2025-07-02 14:26:57,597 TRACE [org.hib.orm.jdb.bind] (main) binding parameter (2:TIMESTAMP) <- [2025-07-02T14:26:57.597485]
2025-07-02 14:26:57,597 TRACE [org.hib.orm.jdb.bind] (main) binding parameter (3:VARCHAR) <- [Created via service]
2025-07-02 14:26:57,597 TRACE [org.hib.orm.jdb.bind] (main) binding parameter (4:VARCHAR) <- [null]
2025-07-02 14:26:57,597 TRACE [org.hib.orm.jdb.bind] (main) binding parameter (5:VARCHAR) <- [Service Brand]
2025-07-02 14:26:57,597 TRACE [org.hib.orm.jdb.bind] (main) binding parameter (6:TIMESTAMP) <- [2025-07-02T14:26:57.597495]
2025-07-02 14:26:57,597 TRACE [org.hib.orm.jdb.bind] (main) binding parameter (7:VARCHAR) <- [null]
2025-07-02 14:26:57,597 TRACE [org.hib.orm.jdb.bind] (main) binding parameter (8:BIGINT) <- [5]
2025-07-02 14:26:57,598 DEBUG [org.hib.SQL] (main) insert into categories (active,created_at,description,image_url,name,parent_id,slug,sort_order,updated_at,id) values (?,?,?,?,?,?,?,?,?,?)
2025-07-02 14:26:57,598 TRACE [org.hib.orm.jdb.bind] (main) binding parameter (1:BOOLEAN) <- [true]
2025-07-02 14:26:57,598 TRACE [org.hib.orm.jdb.bind] (main) binding parameter (2:TIMESTAMP) <- [2025-07-02T14:26:57.598096]
2025-07-02 14:26:57,598 TRACE [org.hib.orm.jdb.bind] (main) binding parameter (3:VARCHAR) <- [Created via service]
2025-07-02 14:26:57,598 TRACE [org.hib.orm.jdb.bind] (main) binding parameter (4:VARCHAR) <- [null]
2025-07-02 14:26:57,598 TRACE [org.hib.orm.jdb.bind] (main) binding parameter (5:VARCHAR) <- [Service Category]
2025-07-02 14:26:57,598 TRACE [org.hib.orm.jdb.bind] (main) binding parameter (6:BIGINT) <- [null]
2025-07-02 14:26:57,598 TRACE [org.hib.orm.jdb.bind] (main) binding parameter (7:VARCHAR) <- [service-category]
2025-07-02 14:26:57,598 TRACE [org.hib.orm.jdb.bind] (main) binding parameter (8:INTEGER) <- [0]
2025-07-02 14:26:57,599 TRACE [org.hib.orm.jdb.bind] (main) binding parameter (9:TIMESTAMP) <- [2025-07-02T14:26:57.598102]
2025-07-02 14:26:57,599 TRACE [org.hib.orm.jdb.bind] (main) binding parameter (10:BIGINT) <- [6]
2025-07-02 14:26:57,599 DEBUG [org.hib.SQL] (main) insert into products (active,brand_id,category_id,compare_at_price,created_at,description,featured,low_stock_threshold,name,price,sku,slug,stock_quantity,track_inventory,updated_at,weight,weight_unit,id) values (?,?,?,?,?,?,?,?,?,?,?,?,?,?,?,?,?,?)
2025-07-02 14:26:57,599 TRACE [org.hib.orm.jdb.bind] (main) binding parameter (1:BOOLEAN) <- [true]
2025-07-02 14:26:57,599 TRACE [org.hib.orm.jdb.bind] (main) binding parameter (2:BIGINT) <- [5]
2025-07-02 14:26:57,599 TRACE [org.hib.orm.jdb.bind] (main) binding parameter (3:BIGINT) <- [6]
2025-07-02 14:26:57,599 TRACE [org.hib.orm.jdb.bind] (main) binding parameter (4:NUMERIC) <- [null]
2025-07-02 14:26:57,599 TRACE [org.hib.orm.jdb.bind] (main) binding parameter (5:TIMESTAMP) <- [2025-07-02T14:26:57.599445]
2025-07-02 14:26:57,599 TRACE [org.hib.orm.jdb.bind] (main) binding parameter (6:VARCHAR) <- [Created via service]
2025-07-02 14:26:57,599 TRACE [org.hib.orm.jdb.bind] (main) binding parameter (7:BOOLEAN) <- [false]
2025-07-02 14:26:57,599 TRACE [org.hib.orm.jdb.bind] (main) binding parameter (8:INTEGER) <- [5]
2025-07-02 14:26:57,599 TRACE [org.hib.orm.jdb.bind] (main) binding parameter (9:VARCHAR) <- [Service Product]
2025-07-02 14:26:57,600 TRACE [org.hib.orm.jdb.bind] (main) binding parameter (10:NUMERIC) <- [199.99]
2025-07-02 14:26:57,600 TRACE [org.hib.orm.jdb.bind] (main) binding parameter (11:VARCHAR) <- [SERVICE-PROD-001]
2025-07-02 14:26:57,600 TRACE [org.hib.orm.jdb.bind] (main) binding parameter (12:VARCHAR) <- [service-product]
2025-07-02 14:26:57,600 TRACE [org.hib.orm.jdb.bind] (main) binding parameter (13:INTEGER) <- [100]
2025-07-02 14:26:57,600 TRACE [org.hib.orm.jdb.bind] (main) binding parameter (14:BOOLEAN) <- [true]
2025-07-02 14:26:57,600 TRACE [org.hib.orm.jdb.bind] (main) binding parameter (15:TIMESTAMP) <- [2025-07-02T14:26:57.599456]
2025-07-02 14:26:57,600 TRACE [org.hib.orm.jdb.bind] (main) binding parameter (16:NUMERIC) <- [null]
2025-07-02 14:26:57,600 TRACE [org.hib.orm.jdb.bind] (main) binding parameter (17:VARCHAR) <- [kg]
2025-07-02 14:26:57,600 TRACE [org.hib.orm.jdb.bind] (main) binding parameter (18:BIGINT) <- [5]
2025-07-02 14:26:57,601 DEBUG [org.hib.SQL] (main) update products set active=?,brand_id=?,category_id=?,compare_at_price=?,description=?,featured=?,low_stock_threshold=?,name=?,price=?,sku=?,slug=?,stock_quantity=?,track_inventory=?,updated_at=?,weight=?,weight_unit=? where id=?
2025-07-02 14:26:57,602 TRACE [org.hib.orm.jdb.bind] (main) binding parameter (1:BOOLEAN) <- [true]
2025-07-02 14:26:57,602 TRACE [org.hib.orm.jdb.bind] (main) binding parameter (2:BIGINT) <- [5]
2025-07-02 14:26:57,602 TRACE [org.hib.orm.jdb.bind] (main) binding parameter (3:BIGINT) <- [6]
2025-07-02 14:26:57,602 TRACE [org.hib.orm.jdb.bind] (main) binding parameter (4:NUMERIC) <- [null]
2025-07-02 14:26:57,602 TRACE [org.hib.orm.jdb.bind] (main) binding parameter (5:VARCHAR) <- [Created via service]
2025-07-02 14:26:57,602 TRACE [org.hib.orm.jdb.bind] (main) binding parameter (6:BOOLEAN) <- [false]
2025-07-02 14:26:57,602 TRACE [org.hib.orm.jdb.bind] (main) binding parameter (7:INTEGER) <- [5]
2025-07-02 14:26:57,602 TRACE [org.hib.orm.jdb.bind] (main) binding parameter (8:VARCHAR) <- [Service Product]
2025-07-02 14:26:57,603 TRACE [org.hib.orm.jdb.bind] (main) binding parameter (9:NUMERIC) <- [199.99]
2025-07-02 14:26:57,603 TRACE [org.hib.orm.jdb.bind] (main) binding parameter (10:VARCHAR) <- [SERVICE-PROD-001]
2025-07-02 14:26:57,603 TRACE [org.hib.orm.jdb.bind] (main) binding parameter (11:VARCHAR) <- [service-product]
2025-07-02 14:26:57,603 TRACE [org.hib.orm.jdb.bind] (main) binding parameter (12:INTEGER) <- [25]
2025-07-02 14:26:57,603 TRACE [org.hib.orm.jdb.bind] (main) binding parameter (13:BOOLEAN) <- [true]
2025-07-02 14:26:57,603 TRACE [org.hib.orm.jdb.bind] (main) binding parameter (14:TIMESTAMP) <- [2025-07-02T14:26:57.600705]
2025-07-02 14:26:57,603 TRACE [org.hib.orm.jdb.bind] (main) binding parameter (15:NUMERIC) <- [null]
2025-07-02 14:26:57,603 TRACE [org.hib.orm.jdb.bind] (main) binding parameter (16:VARCHAR) <- [kg]
2025-07-02 14:26:57,603 TRACE [org.hib.orm.jdb.bind] (main) binding parameter (17:BIGINT) <- [5]
]]></system-out>
  </testcase>
  <testcase name="testCategoryHierarchy" classname="org.acme.EcommerceIntegrationTest" time="0.036">
    <error message="class java.lang.Integer cannot be cast to class java.lang.Long (java.lang.Integer and java.lang.Long are in module java.base of loader &apos;bootstrap&apos;)" type="java.lang.ClassCastException"><![CDATA[java.lang.ClassCastException: class java.lang.Integer cannot be cast to class java.lang.Long (java.lang.Integer and java.lang.Long are in module java.base of loader 'bootstrap')
	at org.acme.EcommerceIntegrationTest.testCategoryHierarchy(EcommerceIntegrationTest.java:259)
	at java.base/java.lang.reflect.Method.invoke(Method.java:580)
	at io.quarkus.test.junit.QuarkusTestExtension.runExtensionMethod(QuarkusTestExtension.java:1000)
	at io.quarkus.test.junit.QuarkusTestExtension.interceptTestMethod(QuarkusTestExtension.java:848)
	at java.base/java.util.ArrayList.forEach(ArrayList.java:1597)
	at java.base/java.util.ArrayList.forEach(ArrayList.java:1597)
]]></error>
    <system-out><![CDATA[2025-07-02 14:26:57,606 DEBUG [org.hib.SQL] (main) delete from product_images to_delete_
2025-07-02 14:26:57,606 DEBUG [org.hib.SQL] (main) delete from product_tags to_delete_
2025-07-02 14:26:57,606 DEBUG [org.hib.SQL] (main) delete from products p1_0
2025-07-02 14:26:57,607 DEBUG [org.hib.SQL] (main) delete from categories c1_0
2025-07-02 14:26:57,607 DEBUG [org.hib.SQL] (main) delete from brands b1_0
2025-07-02 14:26:57,607 DEBUG [org.hib.SQL] (main) select count(*) from brands b1_0 where lower(b1_0.name)=lower(?)
2025-07-02 14:26:57,608 TRACE [org.hib.orm.jdb.bind] (main) binding parameter (1:VARCHAR) <- [Test Brand]
2025-07-02 14:26:57,608 DEBUG [org.hib.SQL] (main) select count(*) from categories c1_0 where c1_0.slug=?
2025-07-02 14:26:57,608 TRACE [org.hib.orm.jdb.bind] (main) binding parameter (1:VARCHAR) <- [test-category]
2025-07-02 14:26:57,609 DEBUG [org.hib.SQL] (main) select count(*) from categories c1_0 where lower(c1_0.name)=lower(?)
2025-07-02 14:26:57,609 TRACE [org.hib.orm.jdb.bind] (main) binding parameter (1:VARCHAR) <- [Test Category]
2025-07-02 14:26:57,609 DEBUG [org.hib.SQL] (main) insert into brands (active,created_at,description,logo_url,name,updated_at,website_url,id) values (?,?,?,?,?,?,?,?)
2025-07-02 14:26:57,609 TRACE [org.hib.orm.jdb.bind] (main) binding parameter (1:BOOLEAN) <- [true]
2025-07-02 14:26:57,609 TRACE [org.hib.orm.jdb.bind] (main) binding parameter (2:TIMESTAMP) <- [2025-07-02T14:26:57.609804]
2025-07-02 14:26:57,610 TRACE [org.hib.orm.jdb.bind] (main) binding parameter (3:VARCHAR) <- [Test Brand Description]
2025-07-02 14:26:57,610 TRACE [org.hib.orm.jdb.bind] (main) binding parameter (4:VARCHAR) <- [null]
2025-07-02 14:26:57,610 TRACE [org.hib.orm.jdb.bind] (main) binding parameter (5:VARCHAR) <- [Test Brand]
2025-07-02 14:26:57,610 TRACE [org.hib.orm.jdb.bind] (main) binding parameter (6:TIMESTAMP) <- [2025-07-02T14:26:57.609809]
2025-07-02 14:26:57,610 TRACE [org.hib.orm.jdb.bind] (main) binding parameter (7:VARCHAR) <- [null]
2025-07-02 14:26:57,610 TRACE [org.hib.orm.jdb.bind] (main) binding parameter (8:BIGINT) <- [6]
2025-07-02 14:26:57,610 DEBUG [org.hib.SQL] (main) insert into categories (active,created_at,description,image_url,name,parent_id,slug,sort_order,updated_at,id) values (?,?,?,?,?,?,?,?,?,?)
2025-07-02 14:26:57,610 TRACE [org.hib.orm.jdb.bind] (main) binding parameter (1:BOOLEAN) <- [true]
2025-07-02 14:26:57,610 TRACE [org.hib.orm.jdb.bind] (main) binding parameter (2:TIMESTAMP) <- [2025-07-02T14:26:57.610384]
2025-07-02 14:26:57,610 TRACE [org.hib.orm.jdb.bind] (main) binding parameter (3:VARCHAR) <- [Test Category Description]
2025-07-02 14:26:57,610 TRACE [org.hib.orm.jdb.bind] (main) binding parameter (4:VARCHAR) <- [null]
2025-07-02 14:26:57,610 TRACE [org.hib.orm.jdb.bind] (main) binding parameter (5:VARCHAR) <- [Test Category]
2025-07-02 14:26:57,610 TRACE [org.hib.orm.jdb.bind] (main) binding parameter (6:BIGINT) <- [null]
2025-07-02 14:26:57,610 TRACE [org.hib.orm.jdb.bind] (main) binding parameter (7:VARCHAR) <- [test-category]
2025-07-02 14:26:57,610 TRACE [org.hib.orm.jdb.bind] (main) binding parameter (8:INTEGER) <- [0]
2025-07-02 14:26:57,610 TRACE [org.hib.orm.jdb.bind] (main) binding parameter (9:TIMESTAMP) <- [2025-07-02T14:26:57.610388]
2025-07-02 14:26:57,610 TRACE [org.hib.orm.jdb.bind] (main) binding parameter (10:BIGINT) <- [7]
2025-07-02 14:26:57,623 DEBUG [org.hib.SQL] (executor-thread-1) select count(*) from categories c1_0 where c1_0.slug=?
2025-07-02 14:26:57,623 TRACE [org.hib.orm.jdb.bind] (executor-thread-1) binding parameter (1:VARCHAR) <- [electronics]
2025-07-02 14:26:57,624 DEBUG [org.hib.SQL] (executor-thread-1) select count(*) from categories c1_0 where lower(c1_0.name)=lower(?)
2025-07-02 14:26:57,624 TRACE [org.hib.orm.jdb.bind] (executor-thread-1) binding parameter (1:VARCHAR) <- [Electronics]
2025-07-02 14:26:57,624 DEBUG [org.hib.SQL] (executor-thread-1) insert into categories (active,created_at,description,image_url,name,parent_id,slug,sort_order,updated_at,id) values (?,?,?,?,?,?,?,?,?,?)
2025-07-02 14:26:57,624 TRACE [org.hib.orm.jdb.bind] (executor-thread-1) binding parameter (1:BOOLEAN) <- [true]
2025-07-02 14:26:57,624 TRACE [org.hib.orm.jdb.bind] (executor-thread-1) binding parameter (2:TIMESTAMP) <- [2025-07-02T14:26:57.624590]
2025-07-02 14:26:57,624 TRACE [org.hib.orm.jdb.bind] (executor-thread-1) binding parameter (3:VARCHAR) <- [Electronic devices]
2025-07-02 14:26:57,624 TRACE [org.hib.orm.jdb.bind] (executor-thread-1) binding parameter (4:VARCHAR) <- [null]
2025-07-02 14:26:57,624 TRACE [org.hib.orm.jdb.bind] (executor-thread-1) binding parameter (5:VARCHAR) <- [Electronics]
2025-07-02 14:26:57,624 TRACE [org.hib.orm.jdb.bind] (executor-thread-1) binding parameter (6:BIGINT) <- [null]
2025-07-02 14:26:57,625 TRACE [org.hib.orm.jdb.bind] (executor-thread-1) binding parameter (7:VARCHAR) <- [electronics]
2025-07-02 14:26:57,625 TRACE [org.hib.orm.jdb.bind] (executor-thread-1) binding parameter (8:INTEGER) <- [0]
2025-07-02 14:26:57,625 TRACE [org.hib.orm.jdb.bind] (executor-thread-1) binding parameter (9:TIMESTAMP) <- [2025-07-02T14:26:57.624595]
2025-07-02 14:26:57,625 TRACE [org.hib.orm.jdb.bind] (executor-thread-1) binding parameter (10:BIGINT) <- [8]
]]></system-out>
  </testcase>
  <testcase name="testCompleteEcommerceWorkflow" classname="org.acme.EcommerceIntegrationTest" time="0.051">
    <error message="class java.lang.Integer cannot be cast to class java.lang.Long (java.lang.Integer and java.lang.Long are in module java.base of loader &apos;bootstrap&apos;)" type="java.lang.ClassCastException"><![CDATA[java.lang.ClassCastException: class java.lang.Integer cannot be cast to class java.lang.Long (java.lang.Integer and java.lang.Long are in module java.base of loader 'bootstrap')
	at org.acme.EcommerceIntegrationTest.testCompleteEcommerceWorkflow(EcommerceIntegrationTest.java:104)
	at java.base/java.lang.reflect.Method.invoke(Method.java:580)
	at io.quarkus.test.junit.QuarkusTestExtension.runExtensionMethod(QuarkusTestExtension.java:1000)
	at io.quarkus.test.junit.QuarkusTestExtension.interceptTestMethod(QuarkusTestExtension.java:848)
	at java.base/java.util.ArrayList.forEach(ArrayList.java:1597)
	at java.base/java.util.ArrayList.forEach(ArrayList.java:1597)
]]></error>
    <system-out><![CDATA[2025-07-02 14:26:57,643 DEBUG [org.hib.SQL] (main) delete from product_images to_delete_
2025-07-02 14:26:57,643 DEBUG [org.hib.SQL] (main) delete from product_tags to_delete_
2025-07-02 14:26:57,643 DEBUG [org.hib.SQL] (main) delete from products p1_0
2025-07-02 14:26:57,643 DEBUG [org.hib.SQL] (main) delete from categories c1_0
2025-07-02 14:26:57,643 DEBUG [org.hib.SQL] (main) delete from brands b1_0
2025-07-02 14:26:57,644 DEBUG [org.hib.SQL] (main) select count(*) from brands b1_0 where lower(b1_0.name)=lower(?)
2025-07-02 14:26:57,644 TRACE [org.hib.orm.jdb.bind] (main) binding parameter (1:VARCHAR) <- [Test Brand]
2025-07-02 14:26:57,645 DEBUG [org.hib.SQL] (main) select count(*) from categories c1_0 where c1_0.slug=?
2025-07-02 14:26:57,645 TRACE [org.hib.orm.jdb.bind] (main) binding parameter (1:VARCHAR) <- [test-category]
2025-07-02 14:26:57,645 DEBUG [org.hib.SQL] (main) select count(*) from categories c1_0 where lower(c1_0.name)=lower(?)
2025-07-02 14:26:57,645 TRACE [org.hib.orm.jdb.bind] (main) binding parameter (1:VARCHAR) <- [Test Category]
2025-07-02 14:26:57,646 DEBUG [org.hib.SQL] (main) insert into brands (active,created_at,description,logo_url,name,updated_at,website_url,id) values (?,?,?,?,?,?,?,?)
2025-07-02 14:26:57,646 TRACE [org.hib.orm.jdb.bind] (main) binding parameter (1:BOOLEAN) <- [true]
2025-07-02 14:26:57,646 TRACE [org.hib.orm.jdb.bind] (main) binding parameter (2:TIMESTAMP) <- [2025-07-02T14:26:57.646303]
2025-07-02 14:26:57,646 TRACE [org.hib.orm.jdb.bind] (main) binding parameter (3:VARCHAR) <- [Test Brand Description]
2025-07-02 14:26:57,646 TRACE [org.hib.orm.jdb.bind] (main) binding parameter (4:VARCHAR) <- [null]
2025-07-02 14:26:57,646 TRACE [org.hib.orm.jdb.bind] (main) binding parameter (5:VARCHAR) <- [Test Brand]
2025-07-02 14:26:57,646 TRACE [org.hib.orm.jdb.bind] (main) binding parameter (6:TIMESTAMP) <- [2025-07-02T14:26:57.646309]
2025-07-02 14:26:57,646 TRACE [org.hib.orm.jdb.bind] (main) binding parameter (7:VARCHAR) <- [null]
2025-07-02 14:26:57,646 TRACE [org.hib.orm.jdb.bind] (main) binding parameter (8:BIGINT) <- [7]
2025-07-02 14:26:57,646 DEBUG [org.hib.SQL] (main) insert into categories (active,created_at,description,image_url,name,parent_id,slug,sort_order,updated_at,id) values (?,?,?,?,?,?,?,?,?,?)
2025-07-02 14:26:57,646 TRACE [org.hib.orm.jdb.bind] (main) binding parameter (1:BOOLEAN) <- [true]
2025-07-02 14:26:57,646 TRACE [org.hib.orm.jdb.bind] (main) binding parameter (2:TIMESTAMP) <- [2025-07-02T14:26:57.646813]
2025-07-02 14:26:57,646 TRACE [org.hib.orm.jdb.bind] (main) binding parameter (3:VARCHAR) <- [Test Category Description]
2025-07-02 14:26:57,647 TRACE [org.hib.orm.jdb.bind] (main) binding parameter (4:VARCHAR) <- [null]
2025-07-02 14:26:57,647 TRACE [org.hib.orm.jdb.bind] (main) binding parameter (5:VARCHAR) <- [Test Category]
2025-07-02 14:26:57,647 TRACE [org.hib.orm.jdb.bind] (main) binding parameter (6:BIGINT) <- [null]
2025-07-02 14:26:57,647 TRACE [org.hib.orm.jdb.bind] (main) binding parameter (7:VARCHAR) <- [test-category]
2025-07-02 14:26:57,647 TRACE [org.hib.orm.jdb.bind] (main) binding parameter (8:INTEGER) <- [0]
2025-07-02 14:26:57,647 TRACE [org.hib.orm.jdb.bind] (main) binding parameter (9:TIMESTAMP) <- [2025-07-02T14:26:57.646817]
2025-07-02 14:26:57,647 TRACE [org.hib.orm.jdb.bind] (main) binding parameter (10:BIGINT) <- [9]
2025-07-02 14:26:57,658 DEBUG [org.hib.SQL] (executor-thread-1) select count(*) from products p1_0 where p1_0.sku=?
2025-07-02 14:26:57,658 TRACE [org.hib.orm.jdb.bind] (executor-thread-1) binding parameter (1:VARCHAR) <- [TEST-PROD-001]
2025-07-02 14:26:57,658 DEBUG [org.hib.SQL] (executor-thread-1) select c1_0.id,c1_0.active,c1_0.created_at,c1_0.description,c1_0.image_url,c1_0.name,c1_0.parent_id,c1_0.slug,c1_0.sort_order,c1_0.updated_at from categories c1_0 where c1_0.id=?
2025-07-02 14:26:57,658 TRACE [org.hib.orm.jdb.bind] (executor-thread-1) binding parameter (1:BIGINT) <- [9]
2025-07-02 14:26:57,659 DEBUG [org.hib.SQL] (executor-thread-1) select b1_0.id,b1_0.active,b1_0.created_at,b1_0.description,b1_0.logo_url,b1_0.name,b1_0.updated_at,b1_0.website_url from brands b1_0 where b1_0.id=?
2025-07-02 14:26:57,659 TRACE [org.hib.orm.jdb.bind] (executor-thread-1) binding parameter (1:BIGINT) <- [7]
2025-07-02 14:26:57,659 DEBUG [org.hib.SQL] (executor-thread-1) insert into products (active,brand_id,category_id,compare_at_price,created_at,description,featured,low_stock_threshold,name,price,sku,slug,stock_quantity,track_inventory,updated_at,weight,weight_unit,id) values (?,?,?,?,?,?,?,?,?,?,?,?,?,?,?,?,?,?)
2025-07-02 14:26:57,660 TRACE [org.hib.orm.jdb.bind] (executor-thread-1) binding parameter (1:BOOLEAN) <- [true]
2025-07-02 14:26:57,660 TRACE [org.hib.orm.jdb.bind] (executor-thread-1) binding parameter (2:BIGINT) <- [7]
2025-07-02 14:26:57,660 TRACE [org.hib.orm.jdb.bind] (executor-thread-1) binding parameter (3:BIGINT) <- [9]
2025-07-02 14:26:57,660 TRACE [org.hib.orm.jdb.bind] (executor-thread-1) binding parameter (4:NUMERIC) <- [null]
2025-07-02 14:26:57,660 TRACE [org.hib.orm.jdb.bind] (executor-thread-1) binding parameter (5:TIMESTAMP) <- [2025-07-02T14:26:57.659909]
2025-07-02 14:26:57,660 TRACE [org.hib.orm.jdb.bind] (executor-thread-1) binding parameter (6:VARCHAR) <- [Test Product Description]
2025-07-02 14:26:57,660 TRACE [org.hib.orm.jdb.bind] (executor-thread-1) binding parameter (7:BOOLEAN) <- [true]
2025-07-02 14:26:57,660 TRACE [org.hib.orm.jdb.bind] (executor-thread-1) binding parameter (8:INTEGER) <- [5]
2025-07-02 14:26:57,660 TRACE [org.hib.orm.jdb.bind] (executor-thread-1) binding parameter (9:VARCHAR) <- [Test Product]
2025-07-02 14:26:57,660 TRACE [org.hib.orm.jdb.bind] (executor-thread-1) binding parameter (10:NUMERIC) <- [99.99]
2025-07-02 14:26:57,660 TRACE [org.hib.orm.jdb.bind] (executor-thread-1) binding parameter (11:VARCHAR) <- [TEST-PROD-001]
2025-07-02 14:26:57,660 TRACE [org.hib.orm.jdb.bind] (executor-thread-1) binding parameter (12:VARCHAR) <- [test-product]
2025-07-02 14:26:57,660 TRACE [org.hib.orm.jdb.bind] (executor-thread-1) binding parameter (13:INTEGER) <- [50]
2025-07-02 14:26:57,660 TRACE [org.hib.orm.jdb.bind] (executor-thread-1) binding parameter (14:BOOLEAN) <- [true]
2025-07-02 14:26:57,660 TRACE [org.hib.orm.jdb.bind] (executor-thread-1) binding parameter (15:TIMESTAMP) <- [2025-07-02T14:26:57.659914]
2025-07-02 14:26:57,660 TRACE [org.hib.orm.jdb.bind] (executor-thread-1) binding parameter (16:NUMERIC) <- [null]
2025-07-02 14:26:57,660 TRACE [org.hib.orm.jdb.bind] (executor-thread-1) binding parameter (17:VARCHAR) <- [kg]
2025-07-02 14:26:57,660 TRACE [org.hib.orm.jdb.bind] (executor-thread-1) binding parameter (18:BIGINT) <- [6]
]]></system-out>
  </testcase>
</testsuite>